TN:
SF:src\App\Dashboard\CodespaceCard.tsx
FN:15,CodespaceCard
FN:34,(anonymous_1)
FN:35,(anonymous_2)
FN:45,(anonymous_3)
FN:50,(anonymous_4)
FN:52,(anonymous_5)
FN:55,(anonymous_6)
FN:62,(anonymous_7)
FN:68,(anonymous_8)
FN:75,(anonymous_9)
FN:88,(anonymous_10)
FN:94,(anonymous_11)
FN:229,(anonymous_12)
FN:234,(anonymous_13)
FN:243,(anonymous_14)
FN:273,(anonymous_15)
FN:277,(anonymous_16)
FNF:17
FNH:10
FNDA:13,CodespaceCard
FNDA:11,(anonymous_1)
FNDA:0,(anonymous_2)
FNDA:11,(anonymous_3)
FNDA:3,(anonymous_4)
FNDA:3,(anonymous_5)
FNDA:0,(anonymous_6)
FNDA:1,(anonymous_7)
FNDA:1,(anonymous_8)
FNDA:0,(anonymous_9)
FNDA:1,(anonymous_10)
FNDA:0,(anonymous_11)
FNDA:0,(anonymous_12)
FNDA:0,(anonymous_13)
FNDA:1,(anonymous_14)
FNDA:0,(anonymous_15)
FNDA:1,(anonymous_16)
DA:16,13
DA:18,13
DA:19,13
DA:21,13
DA:22,13
DA:23,13
DA:24,13
DA:25,13
DA:28,13
DA:29,13
DA:31,13
DA:32,13
DA:34,13
DA:35,11
DA:36,0
DA:37,0
DA:41,11
DA:42,3
DA:45,11
DA:46,11
DA:50,13
DA:51,3
DA:52,3
DA:55,13
DA:56,0
DA:57,0
DA:58,0
DA:59,0
DA:62,13
DA:63,1
DA:64,1
DA:65,1
DA:68,13
DA:69,1
DA:70,1
DA:71,1
DA:72,1
DA:75,13
DA:76,0
DA:77,0
DA:78,0
DA:79,0
DA:80,0
DA:81,0
DA:84,0
DA:88,13
DA:89,1
DA:90,1
DA:94,13
DA:95,0
DA:96,0
DA:97,0
DA:98,0
DA:99,0
DA:100,0
DA:104,13
DA:229,0
DA:235,0
DA:243,1
DA:273,0
DA:277,1
LF:61
LH:39
BRDA:36,0,0,0
BRDA:36,0,1,0
BRDA:36,1,0,0
BRDA:36,1,1,0
BRDA:41,2,0,3
BRDA:41,2,1,8
BRDA:76,3,0,0
BRDA:76,3,1,0
BRDA:78,4,0,0
BRDA:78,4,1,0
BRDA:89,5,0,1
BRDA:89,5,1,0
BRDA:95,6,0,0
BRDA:95,6,1,0
BRDA:111,7,0,12
BRDA:111,7,1,1
BRDA:118,8,0,12
BRDA:118,8,1,1
BRDA:123,9,0,1
BRDA:123,9,1,12
BRDA:127,10,0,12
BRDA:127,10,1,1
BRDA:133,11,0,12
BRDA:133,11,1,1
BRDA:138,12,0,12
BRDA:138,12,1,1
BRDA:145,13,0,12
BRDA:145,13,1,1
BRDA:171,14,0,12
BRDA:171,14,1,1
BRDA:177,15,0,13
BRDA:177,15,1,3
BRDA:180,16,0,3
BRDA:180,16,1,0
BRDA:216,17,0,13
BRDA:216,17,1,1
BRDA:260,18,0,13
BRDA:260,18,1,1
BRF:38
BRH:26
end_of_record
TN:
SF:src\App\Dashboard\CodespaceGrid.tsx
FN:13,CodespaceGrid
FN:18,(anonymous_1)
FN:43,(anonymous_2)
FNF:3
FNH:2
FNDA:8,CodespaceGrid
FNDA:12,(anonymous_1)
FNDA:0,(anonymous_2)
DA:14,8
DA:15,8
DA:18,6
DA:19,12
DA:22,6
DA:23,0
DA:33,6
DA:44,0
LF:8
LH:6
BRDA:19,0,0,12
BRDA:19,0,1,12
BRDA:22,1,0,0
BRDA:22,1,1,6
BRDA:36,2,0,0
BRDA:36,2,1,0
BRF:6
BRH:3
end_of_record
TN:
SF:src\App\Dashboard\CreateCodespaceCard.tsx
FN:11,CreateCodespaceCard
FNF:1
FNH:1
FNDA:3,CreateCodespaceCard
DA:12,3
DA:14,3
LF:2
LH:2
BRDA:23,0,0,1
BRDA:23,0,1,2
BRDA:26,1,0,2
BRDA:26,1,1,1
BRDA:28,2,0,1
BRDA:28,2,1,2
BRDA:33,3,0,1
BRDA:33,3,1,2
BRF:8
BRH:8
end_of_record
TN:
SF:src\App\Dashboard\Dashboard.tsx
FN:17,(anonymous_0)
FN:28,(anonymous_1)
FN:34,(anonymous_2)
FN:56,(anonymous_3)
FN:63,(anonymous_4)
FNF:5
FNH:3
FNDA:1,(anonymous_0)
FNDA:1,(anonymous_1)
FNDA:1,(anonymous_2)
FNDA:0,(anonymous_3)
FNDA:0,(anonymous_4)
DA:17,1
DA:18,1
DA:19,1
DA:21,1
DA:22,1
DA:23,1
DA:24,1
DA:25,1
DA:28,1
DA:29,1
DA:30,0
DA:34,1
DA:35,1
DA:36,0
DA:37,0
DA:41,1
DA:56,0
DA:63,0
LF:18
LH:13
BRDA:29,0,0,0
BRDA:29,0,1,1
BRDA:35,1,0,0
BRDA:35,1,1,1
BRF:4
BRH:2
end_of_record
TN:
SF:src\App\Dashboard\SearchAndControls.tsx
FN:13,SearchAndControls
FN:32,(anonymous_1)
FN:40,(anonymous_2)
FN:50,(anonymous_3)
FNF:4
FNH:4
FNDA:3,SearchAndControls
FNDA:1,(anonymous_1)
FNDA:1,(anonymous_2)
FNDA:1,(anonymous_3)
DA:19,3
DA:21,3
DA:32,1
DA:40,1
DA:50,1
LF:5
LH:5
BRDA:42,0,0,3
BRDA:42,0,1,0
BRDA:52,1,0,0
BRDA:52,1,1,3
BRF:4
BRH:2
end_of_record
TN:
SF:src\App\Dashboard\TitleBar.tsx
FN:8,(anonymous_0)
FN:15,(anonymous_1)
FN:20,(anonymous_2)
FNF:3
FNH:3
FNDA:3,(anonymous_0)
FNDA:1,(anonymous_1)
FNDA:1,(anonymous_2)
DA:8,1
DA:9,3
DA:10,3
DA:12,3
DA:13,3
DA:15,3
DA:16,1
DA:17,1
DA:20,3
DA:21,1
DA:27,3
LF:11
LH:11
BRDA:45,0,0,3
BRDA:45,0,1,3
BRF:2
BRH:2
end_of_record
TN:
SF:src\App\Home\Homepage.tsx
FN:21,(anonymous_0)
FN:28,(anonymous_1)
FN:29,(anonymous_2)
FN:34,(anonymous_3)
FN:37,(anonymous_4)
FN:39,(anonymous_5)
FN:48,(anonymous_6)
FN:51,(anonymous_7)
FN:56,(anonymous_8)
FN:182,(anonymous_9)
FN:299,(anonymous_10)
FN:339,(anonymous_11)
FN:455,(anonymous_12)
FN:485,(anonymous_13)
FN:532,(anonymous_14)
FN:602,(anonymous_15)
FNF:16
FNH:11
FNDA:5,(anonymous_0)
FNDA:5,(anonymous_1)
FNDA:0,(anonymous_2)
FNDA:5,(anonymous_3)
FNDA:5,(anonymous_4)
FNDA:0,(anonymous_5)
FNDA:5,(anonymous_6)
FNDA:1,(anonymous_7)
FNDA:1,(anonymous_8)
FNDA:0,(anonymous_9)
FNDA:5,(anonymous_10)
FNDA:20,(anonymous_11)
FNDA:15,(anonymous_12)
FNDA:70,(anonymous_13)
FNDA:0,(anonymous_14)
FNDA:0,(anonymous_15)
DA:21,1
DA:22,5
DA:23,5
DA:24,5
DA:25,5
DA:26,5
DA:28,5
DA:29,5
DA:30,0
DA:33,5
DA:34,5
DA:37,5
DA:38,5
DA:39,5
DA:40,0
DA:41,0
DA:42,0
DA:44,0
DA:48,5
DA:51,5
DA:53,1
DA:56,5
DA:58,1
DA:61,5
DA:88,5
DA:130,5
DA:132,5
DA:134,5
DA:136,5
DA:138,5
DA:140,5
DA:142,5
DA:144,5
DA:182,0
DA:300,5
DA:340,20
DA:456,15
DA:486,70
DA:532,0
DA:602,0
LF:40
LH:32
BRDA:40,0,0,0
BRDA:40,0,1,0
BRDA:130,1,0,0
BRDA:130,1,1,5
BRDA:132,2,0,0
BRDA:132,2,1,5
BRDA:134,3,0,0
BRDA:134,3,1,5
BRDA:136,4,0,0
BRDA:136,4,1,5
BRDA:138,5,0,0
BRDA:138,5,1,5
BRDA:140,6,0,0
BRDA:140,6,1,5
BRDA:142,7,0,0
BRDA:142,7,1,5
BRDA:149,8,0,0
BRDA:149,8,1,5
BRDA:196,9,0,0
BRDA:196,9,1,5
BRDA:302,10,0,5
BRDA:302,10,1,5
BRDA:459,11,0,5
BRDA:459,11,1,10
BRDA:462,12,0,15
BRDA:462,12,1,5
BRDA:499,13,0,5
BRDA:499,13,1,10
BRF:28
BRH:17
end_of_record
TN:
SF:src\Contexts\CodespaceContext.tsx
FN:31,(anonymous_0)
FN:32,(anonymous_1)
FN:33,(anonymous_2)
FN:34,(anonymous_3)
FN:35,(anonymous_4)
FN:45,(anonymous_5)
FN:57,(anonymous_6)
FN:70,(anonymous_7)
FN:97,(anonymous_8)
FN:103,(anonymous_9)
FN:116,(anonymous_10)
FN:130,(anonymous_11)
FN:141,(anonymous_12)
FN:145,(anonymous_13)
FN:149,(anonymous_14)
FN:172,(anonymous_15)
FN:178,(anonymous_16)
FN:187,(anonymous_17)
FN:187,(anonymous_18)
FN:193,(anonymous_19)
FN:213,(anonymous_20)
FN:230,(anonymous_21)
FN:231,(anonymous_22)
FN:257,(anonymous_23)
FNF:24
FNH:15
FNDA:0,(anonymous_0)
FNDA:0,(anonymous_1)
FNDA:0,(anonymous_2)
FNDA:0,(anonymous_3)
FNDA:0,(anonymous_4)
FNDA:33,(anonymous_5)
FNDA:14,(anonymous_6)
FNDA:14,(anonymous_7)
FNDA:0,(anonymous_8)
FNDA:0,(anonymous_9)
FNDA:8,(anonymous_10)
FNDA:0,(anonymous_11)
FNDA:8,(anonymous_12)
FNDA:0,(anonymous_13)
FNDA:4,(anonymous_14)
FNDA:3,(anonymous_15)
FNDA:1,(anonymous_16)
FNDA:1,(anonymous_17)
FNDA:1,(anonymous_18)
FNDA:2,(anonymous_19)
FNDA:2,(anonymous_20)
FNDA:1,(anonymous_21)
FNDA:1,(anonymous_22)
FNDA:32,(anonymous_23)
DA:27,1
DA:31,0
DA:32,0
DA:33,0
DA:34,0
DA:38,1
DA:45,1
DA:46,33
DA:47,33
DA:48,33
DA:50,33
DA:52,33
DA:56,33
DA:63,14
DA:64,0
DA:65,0
DA:68,14
DA:70,14
DA:71,14
DA:72,0
DA:75,14
DA:76,14
DA:77,14
DA:78,0
DA:79,0
DA:80,0
DA:83,14
DA:88,14
DA:94,14
DA:96,14
DA:97,0
DA:98,0
DA:99,0
DA:100,0
DA:103,11
DA:104,11
DA:105,11
DA:108,3
DA:109,3
DA:110,3
DA:116,33
DA:117,8
DA:118,0
DA:119,0
DA:122,8
DA:129,8
DA:130,5
DA:137,5
DA:141,33
DA:142,8
DA:145,33
DA:146,0
DA:149,33
DA:150,4
DA:151,1
DA:152,1
DA:155,3
DA:162,3
DA:163,3
DA:172,3
DA:173,3
DA:175,0
DA:178,33
DA:179,1
DA:186,1
DA:187,1
DA:188,1
DA:190,0
DA:193,33
DA:198,2
DA:199,1
DA:200,1
DA:203,1
DA:210,1
DA:213,33
DA:217,2
DA:218,1
DA:219,1
DA:222,1
DA:229,1
DA:230,1
DA:231,1
DA:233,1
DA:235,0
DA:238,33
DA:257,1
DA:258,32
DA:259,32
LF:88
LH:68
BRDA:52,0,0,33
BRDA:52,0,1,0
BRDA:52,0,2,0
BRDA:61,1,0,0
BRDA:63,2,0,0
BRDA:63,2,1,14
BRDA:71,3,0,14
BRDA:71,3,1,0
BRDA:77,4,0,0
BRDA:77,4,1,14
BRDA:91,5,0,14
BRDA:91,5,1,5
BRDA:96,6,0,0
BRDA:96,6,1,11
BRDA:98,7,0,0
BRDA:98,7,1,0
BRDA:117,8,0,0
BRDA:117,8,1,8
BRDA:129,9,0,5
BRDA:129,9,1,3
BRDA:129,10,0,8
BRDA:129,10,1,5
BRDA:150,11,0,1
BRDA:150,11,1,3
BRDA:162,12,0,3
BRDA:162,12,1,0
BRDA:162,13,0,3
BRDA:162,13,1,3
BRDA:186,14,0,1
BRDA:186,14,1,0
BRDA:198,15,0,1
BRDA:198,15,1,1
BRDA:198,16,0,2
BRDA:198,16,1,2
BRDA:217,17,0,1
BRDA:217,17,1,1
BRDA:229,18,0,1
BRDA:229,18,1,0
BRDA:231,19,0,1
BRDA:231,19,1,0
BRF:40
BRH:26
end_of_record
TN:
SF:src\Contexts\EditorContext.tsx
FN:128,(anonymous_0)
FN:132,(anonymous_1)
FN:133,(anonymous_2)
FN:134,(anonymous_3)
FN:135,(anonymous_4)
FN:135,(anonymous_5)
FN:137,(anonymous_6)
FN:138,(anonymous_7)
FN:139,(anonymous_8)
FN:140,(anonymous_9)
FN:141,(anonymous_10)
FN:143,(anonymous_11)
FN:144,(anonymous_12)
FN:145,(anonymous_13)
FN:146,(anonymous_14)
FN:147,(anonymous_15)
FN:151,(anonymous_16)
FN:152,(anonymous_17)
FN:153,(anonymous_18)
FN:154,(anonymous_19)
FN:168,(anonymous_20)
FN:207,(anonymous_21)
FN:225,(anonymous_22)
FN:231,(anonymous_23)
FN:239,(anonymous_24)
FN:279,(anonymous_25)
FN:285,(anonymous_26)
FN:305,(anonymous_27)
FN:309,(anonymous_28)
FN:315,(anonymous_29)
FN:319,(anonymous_30)
FN:329,(anonymous_31)
FN:386,(anonymous_32)
FN:399,(anonymous_33)
FN:404,(anonymous_34)
FN:431,(anonymous_35)
FN:447,(anonymous_36)
FN:453,(anonymous_37)
FN:458,(anonymous_38)
FN:498,(anonymous_39)
FN:554,(anonymous_40)
FN:611,(anonymous_41)
FN:618,(anonymous_42)
FN:621,(anonymous_43)
FN:635,(anonymous_44)
FN:644,(anonymous_45)
FN:656,(anonymous_46)
FN:670,(anonymous_47)
FN:677,(anonymous_48)
FN:684,(anonymous_49)
FN:694,(anonymous_50)
FN:723,(anonymous_51)
FN:727,(anonymous_52)
FN:742,(anonymous_53)
FN:752,(anonymous_54)
FN:758,(anonymous_55)
FN:780,(anonymous_56)
FN:791,(anonymous_57)
FN:795,(anonymous_58)
FN:799,(anonymous_59)
FN:804,(anonymous_60)
FN:833,(anonymous_61)
FN:841,(anonymous_62)
FN:863,(anonymous_63)
FN:945,(anonymous_64)
FN:1020,(anonymous_65)
FN:1026,(anonymous_66)
FN:1068,(anonymous_67)
FN:1138,(anonymous_68)
FNF:69
FNH:4
FNDA:0,(anonymous_0)
FNDA:0,(anonymous_1)
FNDA:0,(anonymous_2)
FNDA:0,(anonymous_3)
FNDA:0,(anonymous_4)
FNDA:0,(anonymous_5)
FNDA:0,(anonymous_6)
FNDA:0,(anonymous_7)
FNDA:0,(anonymous_8)
FNDA:0,(anonymous_9)
FNDA:0,(anonymous_10)
FNDA:0,(anonymous_11)
FNDA:0,(anonymous_12)
FNDA:0,(anonymous_13)
FNDA:0,(anonymous_14)
FNDA:0,(anonymous_15)
FNDA:0,(anonymous_16)
FNDA:0,(anonymous_17)
FNDA:0,(anonymous_18)
FNDA:0,(anonymous_19)
FNDA:2,(anonymous_20)
FNDA:1,(anonymous_21)
FNDA:0,(anonymous_22)
FNDA:1,(anonymous_23)
FNDA:0,(anonymous_24)
FNDA:0,(anonymous_25)
FNDA:0,(anonymous_26)
FNDA:0,(anonymous_27)
FNDA:0,(anonymous_28)
FNDA:0,(anonymous_29)
FNDA:0,(anonymous_30)
FNDA:0,(anonymous_31)
FNDA:0,(anonymous_32)
FNDA:0,(anonymous_33)
FNDA:0,(anonymous_34)
FNDA:0,(anonymous_35)
FNDA:0,(anonymous_36)
FNDA:0,(anonymous_37)
FNDA:0,(anonymous_38)
FNDA:0,(anonymous_39)
FNDA:0,(anonymous_40)
FNDA:0,(anonymous_41)
FNDA:0,(anonymous_42)
FNDA:0,(anonymous_43)
FNDA:0,(anonymous_44)
FNDA:0,(anonymous_45)
FNDA:0,(anonymous_46)
FNDA:0,(anonymous_47)
FNDA:0,(anonymous_48)
FNDA:0,(anonymous_49)
FNDA:0,(anonymous_50)
FNDA:0,(anonymous_51)
FNDA:0,(anonymous_52)
FNDA:0,(anonymous_53)
FNDA:0,(anonymous_54)
FNDA:0,(anonymous_55)
FNDA:0,(anonymous_56)
FNDA:0,(anonymous_57)
FNDA:0,(anonymous_58)
FNDA:0,(anonymous_59)
FNDA:0,(anonymous_60)
FNDA:0,(anonymous_61)
FNDA:0,(anonymous_62)
FNDA:0,(anonymous_63)
FNDA:0,(anonymous_64)
FNDA:0,(anonymous_65)
FNDA:0,(anonymous_66)
FNDA:0,(anonymous_67)
FNDA:2,(anonymous_68)
DA:123,1
DA:133,0
DA:135,0
DA:138,0
DA:140,0
DA:143,0
DA:144,0
DA:145,0
DA:146,0
DA:147,0
DA:153,0
DA:158,1
DA:160,1
DA:161,1
DA:162,1
DA:163,1
DA:168,1
DA:169,2
DA:170,2
DA:171,2
DA:172,2
DA:175,2
DA:176,2
DA:178,2
DA:181,2
DA:186,2
DA:187,2
DA:188,2
DA:189,2
DA:190,2
DA:191,2
DA:192,2
DA:193,2
DA:194,2
DA:195,2
DA:198,2
DA:199,2
DA:204,2
DA:206,2
DA:207,1
DA:221,2
DA:225,2
DA:226,0
DA:231,2
DA:232,1
DA:233,1
DA:234,1
DA:237,0
DA:239,0
DA:240,0
DA:241,0
DA:242,0
DA:244,0
DA:248,0
DA:249,0
DA:252,0
DA:254,0
DA:265,0
DA:268,0
DA:270,0
DA:272,0
DA:273,0
DA:277,0
DA:279,0
DA:280,0
DA:285,2
DA:286,0
DA:287,0
DA:289,0
DA:290,0
DA:292,0
DA:293,0
DA:294,0
DA:296,0
DA:297,0
DA:298,0
DA:300,0
DA:301,0
DA:302,0
DA:305,0
DA:306,0
DA:309,0
DA:310,0
DA:311,0
DA:315,0
DA:316,0
DA:319,0
DA:320,0
DA:323,0
DA:324,0
DA:326,0
DA:327,0
DA:329,0
DA:330,0
DA:331,0
DA:332,0
DA:334,0
DA:335,0
DA:337,0
DA:338,0
DA:340,0
DA:341,0
DA:346,0
DA:347,0
DA:348,0
DA:353,0
DA:354,0
DA:360,0
DA:365,0
DA:366,0
DA:367,0
DA:368,0
DA:369,0
DA:370,0
DA:380,0
DA:382,0
DA:383,0
DA:386,2
DA:387,0
DA:388,0
DA:390,0
DA:391,0
DA:392,0
DA:393,0
DA:399,0
DA:400,0
DA:401,0
DA:404,0
DA:405,0
DA:406,0
DA:407,0
DA:408,0
DA:414,0
DA:415,0
DA:419,0
DA:420,0
DA:423,0
DA:424,0
DA:427,0
DA:431,2
DA:432,0
DA:433,0
DA:435,0
DA:436,0
DA:439,0
DA:440,0
DA:441,0
DA:443,0
DA:446,2
DA:448,0
DA:449,0
DA:451,0
DA:453,0
DA:458,2
DA:459,0
DA:471,0
DA:486,0
DA:488,0
DA:489,0
DA:490,0
DA:493,0
DA:497,2
DA:499,0
DA:504,0
DA:505,0
DA:508,0
DA:509,0
DA:510,0
DA:511,0
DA:513,0
DA:514,0
DA:515,0
DA:518,0
DA:525,0
DA:534,0
DA:535,0
DA:536,0
DA:537,0
DA:540,0
DA:541,0
DA:542,0
DA:544,0
DA:545,0
DA:547,0
DA:553,2
DA:555,0
DA:560,0
DA:561,0
DA:564,0
DA:565,0
DA:566,0
DA:568,0
DA:569,0
DA:570,0
DA:573,0
DA:579,0
DA:581,0
DA:590,0
DA:591,0
DA:592,0
DA:593,0
DA:596,0
DA:597,0
DA:598,0
DA:600,0
DA:601,0
DA:603,0
DA:610,2
DA:612,0
DA:614,0
DA:615,0
DA:617,0
DA:618,0
DA:619,0
DA:621,0
DA:624,0
DA:625,0
DA:628,0
DA:634,2
DA:636,0
DA:637,0
DA:638,0
DA:643,2
DA:645,0
DA:646,0
DA:648,0
DA:649,0
DA:655,2
DA:657,0
DA:658,0
DA:659,0
DA:660,0
DA:663,0
DA:669,2
DA:671,0
DA:672,0
DA:673,0
DA:674,0
DA:676,0
DA:677,0
DA:683,2
DA:685,0
DA:687,0
DA:691,0
DA:692,0
DA:693,0
DA:694,0
DA:696,0
DA:697,0
DA:708,0
DA:718,0
DA:723,2
DA:724,0
DA:726,0
DA:727,0
DA:729,0
DA:732,0
DA:733,0
DA:735,0
DA:737,0
DA:738,0
DA:741,2
DA:743,0
DA:752,2
DA:753,0
DA:754,0
DA:756,0
DA:758,0
DA:759,0
DA:764,0
DA:776,0
DA:779,2
DA:781,0
DA:791,2
DA:792,0
DA:795,2
DA:796,0
DA:797,0
DA:799,0
DA:800,0
DA:804,2
DA:805,0
DA:807,0
DA:811,0
DA:812,0
DA:815,0
DA:817,0
DA:828,0
DA:829,0
DA:832,2
DA:834,0
DA:835,0
DA:837,0
DA:838,0
DA:839,0
DA:841,0
DA:842,0
DA:844,0
DA:850,0
DA:852,0
DA:853,0
DA:854,0
DA:856,0
DA:862,2
DA:864,0
DA:865,0
DA:866,0
DA:869,0
DA:870,0
DA:872,0
DA:877,0
DA:886,0
DA:887,0
DA:888,0
DA:893,0
DA:896,0
DA:898,0
DA:906,0
DA:917,0
DA:919,0
DA:920,0
DA:922,0
DA:923,0
DA:925,0
DA:931,0
DA:933,0
DA:934,0
DA:935,0
DA:937,0
DA:944,2
DA:951,0
DA:953,0
DA:954,0
DA:956,0
DA:957,0
DA:958,0
DA:959,0
DA:965,0
DA:967,0
DA:979,0
DA:988,0
DA:990,0
DA:991,0
DA:993,0
DA:994,0
DA:995,0
DA:996,0
DA:997,0
DA:998,0
DA:1000,0
DA:1003,0
DA:1005,0
DA:1006,0
DA:1007,0
DA:1009,0
DA:1014,0
DA:1020,2
DA:1021,0
DA:1025,2
DA:1030,0
DA:1031,0
DA:1032,0
DA:1035,0
DA:1036,0
DA:1041,0
DA:1043,0
DA:1055,0
DA:1056,0
DA:1057,0
DA:1062,0
DA:1065,0
DA:1068,0
DA:1069,0
DA:1070,0
DA:1076,0
DA:1082,0
DA:1084,0
DA:1085,0
DA:1090,0
DA:1096,2
DA:1130,2
DA:1138,1
DA:1139,2
DA:1140,2
DA:1141,0
DA:1145,2
LF:386
LH:67
BRDA:221,0,0,2
BRDA:221,0,1,2
BRDA:221,0,2,2
BRDA:226,1,0,0
BRDA:226,1,1,0
BRDA:232,2,0,1
BRDA:232,2,1,0
BRDA:237,3,0,0
BRDA:237,3,1,0
BRDA:248,4,0,0
BRDA:248,4,1,0
BRDA:261,5,0,0
BRDA:261,5,1,0
BRDA:262,6,0,0
BRDA:262,6,1,0
BRDA:268,7,0,0
BRDA:268,7,1,0
BRDA:270,8,0,0
BRDA:270,8,1,0
BRDA:310,9,0,0
BRDA:310,9,1,0
BRDA:311,10,0,0
BRDA:311,10,1,0
BRDA:316,11,0,0
BRDA:316,11,1,0
BRDA:320,12,0,0
BRDA:320,12,1,0
BRDA:334,13,0,0
BRDA:334,13,1,0
BRDA:337,14,0,0
BRDA:337,14,1,0
BRDA:337,15,0,0
BRDA:337,15,1,0
BRDA:346,16,0,0
BRDA:346,16,1,0
BRDA:353,17,0,0
BRDA:353,17,1,0
BRDA:353,18,0,0
BRDA:353,18,1,0
BRDA:366,19,0,0
BRDA:366,19,1,0
BRDA:382,20,0,0
BRDA:382,20,1,0
BRDA:383,21,0,0
BRDA:383,21,1,0
BRDA:390,22,0,0
BRDA:390,22,1,0
BRDA:394,23,0,0
BRDA:394,23,1,0
BRDA:396,24,0,0
BRDA:396,24,1,0
BRDA:405,25,0,0
BRDA:405,25,1,0
BRDA:407,26,0,0
BRDA:407,26,1,0
BRDA:435,27,0,0
BRDA:435,27,1,0
BRDA:448,28,0,0
BRDA:448,28,1,0
BRDA:488,29,0,0
BRDA:488,29,1,0
BRDA:489,30,0,0
BRDA:489,30,1,0
BRDA:499,31,0,0
BRDA:499,31,1,0
BRDA:500,32,0,0
BRDA:500,32,1,0
BRDA:500,32,2,0
BRDA:513,33,0,0
BRDA:513,33,1,0
BRDA:513,34,0,0
BRDA:513,34,1,0
BRDA:534,35,0,0
BRDA:534,35,1,0
BRDA:555,36,0,0
BRDA:555,36,1,0
BRDA:556,37,0,0
BRDA:556,37,1,0
BRDA:556,37,2,0
BRDA:568,38,0,0
BRDA:568,38,1,0
BRDA:590,39,0,0
BRDA:590,39,1,0
BRDA:612,40,0,0
BRDA:612,40,1,0
BRDA:617,41,0,0
BRDA:617,41,1,0
BRDA:636,42,0,0
BRDA:636,42,1,0
BRDA:659,43,0,0
BRDA:659,43,1,0
BRDA:659,44,0,0
BRDA:659,44,1,0
BRDA:685,45,0,0
BRDA:685,45,1,0
BRDA:685,46,0,0
BRDA:685,46,1,0
BRDA:691,47,0,0
BRDA:691,47,1,0
BRDA:696,48,0,0
BRDA:696,48,1,0
BRDA:701,49,0,0
BRDA:701,49,1,0
BRDA:710,50,0,0
BRDA:710,50,1,0
BRDA:711,51,0,0
BRDA:711,51,1,0
BRDA:724,52,0,0
BRDA:724,52,1,0
BRDA:729,53,0,0
BRDA:729,53,1,0
BRDA:735,54,0,0
BRDA:735,54,1,0
BRDA:754,55,0,0
BRDA:754,55,1,0
BRDA:759,56,0,0
BRDA:759,56,1,0
BRDA:760,57,0,0
BRDA:760,57,1,0
BRDA:760,57,2,0
BRDA:784,58,0,0
BRDA:784,58,1,0
BRDA:792,59,0,0
BRDA:792,59,1,0
BRDA:796,60,0,0
BRDA:796,60,1,0
BRDA:811,61,0,0
BRDA:811,61,1,0
BRDA:824,62,0,0
BRDA:824,62,1,0
BRDA:825,63,0,0
BRDA:825,63,1,0
BRDA:864,64,0,0
BRDA:864,64,1,0
BRDA:886,65,0,0
BRDA:886,65,1,0
BRDA:890,66,0,0
BRDA:890,66,1,0
BRDA:902,67,0,0
BRDA:902,67,1,0
BRDA:907,68,0,0
BRDA:907,68,1,0
BRDA:908,69,0,0
BRDA:908,69,1,0
BRDA:909,70,0,0
BRDA:909,70,1,0
BRDA:910,71,0,0
BRDA:910,71,1,0
BRDA:911,72,0,0
BRDA:911,72,1,0
BRDA:912,73,0,0
BRDA:912,73,1,0
BRDA:913,74,0,0
BRDA:913,74,1,0
BRDA:914,75,0,0
BRDA:914,75,1,0
BRDA:957,76,0,0
BRDA:957,76,1,0
BRDA:965,77,0,0
BRDA:965,77,1,0
BRDA:965,78,0,0
BRDA:965,78,1,0
BRDA:969,79,0,0
BRDA:969,79,1,0
BRDA:973,80,0,0
BRDA:973,80,1,0
BRDA:974,81,0,0
BRDA:974,81,1,0
BRDA:975,82,0,0
BRDA:975,82,1,0
BRDA:975,82,2,0
BRDA:993,83,0,0
BRDA:993,83,1,0
BRDA:996,84,0,0
BRDA:996,84,1,0
BRDA:1006,85,0,0
BRDA:1006,85,1,0
BRDA:1030,86,0,0
BRDA:1030,86,1,0
BRDA:1038,87,0,0
BRDA:1038,87,1,0
BRDA:1055,88,0,0
BRDA:1055,88,1,0
BRDA:1059,89,0,0
BRDA:1059,89,1,0
BRDA:1069,90,0,0
BRDA:1069,90,1,0
BRDA:1072,91,0,0
BRDA:1072,91,1,0
BRDA:1140,92,0,0
BRDA:1140,92,1,2
BRF:191
BRH:5
end_of_record
TN:
SF:src\Contexts\ProfileContext.tsx
FN:42,ProfileProvider
FN:49,(anonymous_1)
FN:53,(anonymous_2)
FN:107,(anonymous_3)
FN:152,(anonymous_4)
FN:163,(anonymous_5)
FN:182,useProfile
FNF:7
FNH:7
FNDA:15,ProfileProvider
FNDA:6,(anonymous_1)
FNDA:7,(anonymous_2)
FNDA:2,(anonymous_3)
FNDA:1,(anonymous_4)
FNDA:1,(anonymous_5)
FNDA:12,useProfile
DA:27,1
DA:40,1
DA:44,15
DA:45,15
DA:46,15
DA:49,15
DA:50,6
DA:53,15
DA:54,7
DA:55,7
DA:56,7
DA:61,7
DA:63,7
DA:64,1
DA:65,1
DA:69,6
DA:75,6
DA:77,3
DA:78,3
DA:81,3
DA:83,3
DA:97,3
DA:101,0
DA:103,7
DA:107,15
DA:110,2
DA:111,2
DA:112,2
DA:117,2
DA:119,2
DA:120,0
DA:121,0
DA:125,2
DA:127,2
DA:128,2
DA:129,2
DA:130,2
DA:131,2
DA:132,2
DA:133,2
DA:134,2
DA:135,2
DA:136,2
DA:137,0
DA:140,2
DA:145,2
DA:147,1
DA:148,1
DA:152,1
DA:153,1
DA:155,0
DA:156,0
DA:157,0
DA:159,2
DA:163,15
DA:164,1
DA:167,15
DA:183,12
DA:184,12
DA:185,0
DA:187,12
LF:61
LH:53
BRDA:63,0,0,1
BRDA:63,0,1,6
BRDA:75,1,0,3
BRDA:75,1,1,3
BRDA:81,2,0,3
BRDA:81,2,1,0
BRDA:85,3,0,3
BRDA:85,3,1,0
BRDA:86,4,0,3
BRDA:86,4,1,0
BRDA:87,5,0,3
BRDA:87,5,1,0
BRDA:87,5,2,0
BRDA:88,6,0,3
BRDA:88,6,1,0
BRDA:89,7,0,3
BRDA:89,7,1,0
BRDA:90,8,0,3
BRDA:90,8,1,0
BRDA:91,9,0,3
BRDA:91,9,1,0
BRDA:92,10,0,3
BRDA:92,10,1,0
BRDA:93,11,0,3
BRDA:93,11,1,0
BRDA:94,12,0,3
BRDA:94,12,1,0
BRDA:119,13,0,0
BRDA:119,13,1,2
BRDA:127,14,0,2
BRDA:127,14,1,0
BRDA:128,15,0,0
BRDA:128,15,1,2
BRDA:129,16,0,0
BRDA:129,16,1,2
BRDA:130,17,0,0
BRDA:130,17,1,2
BRDA:131,18,0,0
BRDA:131,18,1,2
BRDA:132,19,0,0
BRDA:132,19,1,2
BRDA:133,20,0,0
BRDA:133,20,1,2
BRDA:134,21,0,0
BRDA:134,21,1,2
BRDA:135,22,0,0
BRDA:135,22,1,2
BRDA:136,23,0,0
BRDA:136,23,1,2
BRDA:145,24,0,1
BRDA:145,24,1,1
BRDA:184,25,0,0
BRDA:184,25,1,12
BRF:53
BRH:29
end_of_record
TN:
SF:src\Contexts\ThemeProvider.tsx
FN:29,(anonymous_0)
FN:32,(anonymous_1)
FN:37,(anonymous_2)
FN:90,(anonymous_3)
FN:101,(anonymous_4)
FNF:5
FNH:5
FNDA:20,(anonymous_0)
FNDA:19,(anonymous_1)
FNDA:4,(anonymous_2)
FNDA:1,(anonymous_3)
FNDA:19,(anonymous_4)
DA:26,6
DA:29,6
DA:32,20
DA:33,19
DA:34,19
DA:37,20
DA:38,4
DA:41,20
DA:88,20
DA:90,20
DA:92,20
DA:101,6
DA:102,19
DA:103,16
DA:104,2
DA:106,14
LF:16
LH:16
BRDA:34,0,0,0
BRDA:34,0,1,19
BRDA:88,1,0,19
BRDA:88,1,1,1
BRDA:103,2,0,2
BRDA:103,2,1,14
BRF:6
BRH:5
end_of_record
TN:
SF:src\Contexts\ToastContext.tsx
FN:27,(anonymous_0)
FN:32,(anonymous_1)
FN:40,(anonymous_2)
FN:44,(anonymous_3)
FN:52,(anonymous_4)
FN:53,(anonymous_5)
FN:53,(anonymous_6)
FN:56,(anonymous_7)
FN:70,(anonymous_8)
FN:75,(anonymous_9)
FN:85,(anonymous_10)
FN:86,(anonymous_11)
FN:155,(anonymous_12)
FN:166,(anonymous_13)
FN:176,(anonymous_14)
FN:180,(anonymous_15)
FN:182,(anonymous_16)
FN:184,(anonymous_17)
FN:186,(anonymous_18)
FNF:19
FNH:4
FNDA:7,(anonymous_0)
FNDA:0,(anonymous_1)
FNDA:0,(anonymous_2)
FNDA:0,(anonymous_3)
FNDA:0,(anonymous_4)
FNDA:0,(anonymous_5)
FNDA:0,(anonymous_6)
FNDA:0,(anonymous_7)
FNDA:7,(anonymous_8)
FNDA:0,(anonymous_9)
FNDA:0,(anonymous_10)
FNDA:0,(anonymous_11)
FNDA:0,(anonymous_12)
FNDA:22,(anonymous_13)
FNDA:15,(anonymous_14)
FNDA:0,(anonymous_15)
FNDA:0,(anonymous_16)
FNDA:0,(anonymous_17)
FNDA:0,(anonymous_18)
DA:25,2
DA:27,2
DA:30,7
DA:32,7
DA:33,0
DA:34,0
DA:40,0
DA:43,0
DA:44,0
DA:45,0
DA:49,0
DA:52,7
DA:53,0
DA:56,7
DA:57,0
DA:60,7
DA:70,2
DA:71,7
DA:73,7
DA:76,0
DA:85,2
DA:86,0
DA:87,0
DA:89,0
DA:95,0
DA:101,0
DA:107,0
DA:113,0
DA:121,0
DA:123,0
DA:155,0
DA:166,2
DA:167,22
DA:168,22
DA:169,0
DA:171,22
DA:176,2
DA:177,15
DA:179,15
DA:181,0
DA:183,0
DA:185,0
DA:187,0
LF:43
LH:18
BRDA:37,0,0,0
BRDA:37,0,1,0
BRDA:43,1,0,0
BRDA:43,1,1,0
BRDA:43,2,0,0
BRDA:43,2,1,0
BRDA:87,3,0,0
BRDA:87,3,1,0
BRDA:87,3,2,0
BRDA:87,3,3,0
BRDA:87,3,4,0
BRDA:139,4,0,0
BRDA:139,4,1,0
BRDA:144,5,0,0
BRDA:144,5,1,0
BRDA:168,6,0,0
BRDA:168,6,1,22
BRF:17
BRH:1
end_of_record
TN:
SF:src\components\Avatar.tsx
FN:10,(anonymous_0)
FN:38,(anonymous_1)
FN:62,(anonymous_2)
FN:100,(anonymous_3)
FNF:4
FNH:3
FNDA:2,(anonymous_0)
FNDA:2,(anonymous_1)
FNDA:2,(anonymous_2)
FNDA:0,(anonymous_3)
DA:10,1
DA:19,2
DA:38,2
DA:39,2
DA:41,2
DA:54,2
DA:55,2
DA:56,18
DA:58,2
DA:62,2
DA:63,2
DA:65,2
DA:66,2
DA:67,0
DA:69,2
DA:72,2
DA:73,2
DA:74,2
DA:76,2
DA:102,0
DA:103,0
LF:21
LH:18
BRDA:14,0,0,2
BRDA:15,1,0,2
BRDA:39,2,0,0
BRDA:39,2,1,2
BRDA:63,3,0,0
BRDA:63,3,1,2
BRDA:66,4,0,0
BRDA:66,4,1,2
BRDA:94,5,0,0
BRDA:94,5,1,0
BRDA:98,6,0,0
BRDA:98,6,1,0
BRF:12
BRH:5
end_of_record
TN:
SF:src\components\ThemeToggleBtn.tsx
FN:13,(anonymous_0)
FNF:1
FNH:1
FNDA:2,(anonymous_0)
DA:7,1
DA:13,1
DA:14,2
DA:15,2
DA:17,2
LF:5
LH:5
BRDA:13,0,0,2
BRDA:22,1,0,0
BRDA:22,1,1,0
BRDA:24,2,0,0
BRDA:24,2,1,0
BRF:5
BRH:1
end_of_record
TN:
SF:src\components\login.tsx
FN:8,(anonymous_0)
FN:26,Login
FN:36,(anonymous_2)
FN:37,(anonymous_3)
FN:46,(anonymous_4)
FN:60,(anonymous_5)
FN:127,(anonymous_6)
FN:146,(anonymous_7)
FN:231,(anonymous_8)
FNF:9
FNH:4
FNDA:1,(anonymous_0)
FNDA:1,Login
FNDA:1,(anonymous_2)
FNDA:1,(anonymous_3)
FNDA:0,(anonymous_4)
FNDA:0,(anonymous_5)
FNDA:0,(anonymous_6)
FNDA:0,(anonymous_7)
FNDA:0,(anonymous_8)
DA:8,1
DA:9,1
DA:11,1
DA:27,1
DA:28,1
DA:30,1
DA:31,1
DA:32,1
DA:33,1
DA:36,1
DA:37,1
DA:40,1
DA:41,1
DA:43,1
DA:46,1
DA:47,0
DA:48,0
DA:55,0
DA:56,0
DA:60,1
DA:61,0
DA:62,0
DA:63,0
DA:65,0
DA:70,0
DA:72,0
DA:73,0
DA:75,0
DA:79,1
DA:127,0
DA:146,0
DA:231,0
LF:32
LH:17
BRDA:15,0,0,1
BRDA:15,0,1,0
BRDA:17,1,0,1
BRDA:17,1,1,0
BRDA:41,2,0,0
BRDA:41,2,1,1
BRDA:55,3,0,0
BRDA:55,3,1,0
BRDA:72,4,0,0
BRDA:72,4,1,0
BRDA:102,5,0,1
BRDA:102,5,1,0
BRDA:158,6,0,0
BRDA:158,6,1,1
BRDA:161,7,0,0
BRDA:161,7,1,1
BRF:16
BRH:6
end_of_record
TN:
SF:src\components\signup.tsx
FN:9,(anonymous_0)
FN:27,Signup
FN:38,(anonymous_2)
FN:61,(anonymous_3)
FN:153,(anonymous_4)
FN:171,(anonymous_5)
FN:189,(anonymous_6)
FN:304,(anonymous_7)
FNF:8
FNH:3
FNDA:1,(anonymous_0)
FNDA:1,Signup
FNDA:1,(anonymous_2)
FNDA:0,(anonymous_3)
FNDA:0,(anonymous_4)
FNDA:0,(anonymous_5)
FNDA:0,(anonymous_6)
FNDA:0,(anonymous_7)
DA:9,1
DA:10,1
DA:12,1
DA:28,1
DA:29,1
DA:31,1
DA:32,1
DA:33,1
DA:34,1
DA:35,1
DA:38,1
DA:39,1
DA:40,1
DA:41,0
DA:42,0
DA:43,0
DA:48,0
DA:49,0
DA:55,0
DA:56,0
DA:59,1
DA:61,1
DA:62,0
DA:63,0
DA:64,0
DA:67,0
DA:77,0
DA:78,0
DA:79,0
DA:80,0
DA:83,0
DA:84,0
DA:87,0
DA:88,0
DA:94,0
DA:95,0
DA:97,0
DA:101,0
DA:104,1
DA:153,0
DA:171,0
DA:189,0
DA:304,0
LF:43
LH:16
BRDA:16,0,0,1
BRDA:16,0,1,0
BRDA:18,1,0,1
BRDA:18,1,1,0
BRDA:39,2,0,1
BRDA:39,2,1,0
BRDA:41,3,0,0
BRDA:41,3,1,0
BRDA:43,4,0,0
BRDA:43,4,1,0
BRDA:44,5,0,0
BRDA:44,5,1,0
BRDA:44,5,2,0
BRDA:49,6,0,0
BRDA:49,6,1,0
BRDA:50,7,0,0
BRDA:50,7,1,0
BRDA:50,7,2,0
BRDA:50,7,3,0
BRDA:77,8,0,0
BRDA:77,8,1,0
BRDA:87,9,0,0
BRDA:87,9,1,0
BRDA:94,10,0,0
BRDA:94,10,1,0
BRDA:129,11,0,1
BRDA:129,11,1,0
BRDA:197,12,0,1
BRDA:197,12,1,0
BRDA:214,13,0,0
BRDA:214,13,1,0
BRDA:216,14,0,0
BRDA:216,14,1,0
BRDA:218,15,0,0
BRDA:218,15,1,0
BRDA:231,16,0,0
BRDA:231,16,1,1
BRDA:240,17,0,0
BRDA:240,17,1,1
BRDA:249,18,0,0
BRDA:249,18,1,1
BRDA:262,19,0,1
BRDA:262,19,1,1
BRDA:264,20,0,1
BRDA:264,20,1,0
BRDA:264,21,0,1
BRDA:264,21,1,1
BRDA:269,22,0,0
BRDA:269,22,1,1
BRF:49
BRH:14
end_of_record
TN:
SF:src\utility\utility.ts
FN:1,(anonymous_0)
FN:9,(anonymous_1)
FNF:2
FNH:1
FNDA:0,(anonymous_0)
FNDA:3,(anonymous_1)
DA:1,2
DA:2,0
DA:5,0
DA:6,0
DA:9,2
DA:10,3
DA:11,3
DA:16,3
DA:21,3
LF:9
LH:6
BRDA:5,0,0,0
BRDA:5,0,1,0
BRDA:6,1,0,0
BRDA:6,1,1,0
BRF:4
BRH:0
end_of_record
