TN:
SF:src\App\Dashboard\CodespaceCard.tsx
FN:15,CodespaceCard
FN:33,(anonymous_1)
FN:34,(anonymous_2)
FN:44,(anonymous_3)
FN:49,(anonymous_4)
FN:51,(anonymous_5)
FN:54,(anonymous_6)
FN:61,(anonymous_7)
FN:67,(anonymous_8)
FN:74,(anonymous_9)
FN:87,(anonymous_10)
FN:93,(anonymous_11)
FN:222,(anonymous_12)
FN:227,(anonymous_13)
FN:236,(anonymous_14)
FN:262,(anonymous_15)
FN:266,(anonymous_16)
FNF:17
FNH:16
FNDA:29,CodespaceCard
FNDA:22,(anonymous_1)
FNDA:0,(anonymous_2)
FNDA:22,(anonymous_3)
FNDA:7,(anonymous_4)
FNDA:7,(anonymous_5)
FNDA:1,(anonymous_6)
FNDA:2,(anonymous_7)
FNDA:3,(anonymous_8)
FNDA:2,(anonymous_9)
FNDA:1,(anonymous_10)
FNDA:1,(anonymous_11)
FNDA:1,(anonymous_12)
FNDA:1,(anonymous_13)
FNDA:1,(anonymous_14)
FNDA:2,(anonymous_15)
FNDA:1,(anonymous_16)
DA:16,29
DA:18,29
DA:20,29
DA:21,29
DA:22,29
DA:23,29
DA:24,29
DA:27,29
DA:28,29
DA:30,29
DA:31,29
DA:33,29
DA:34,22
DA:35,0
DA:36,0
DA:40,22
DA:41,7
DA:44,22
DA:45,22
DA:49,29
DA:50,7
DA:51,7
DA:54,29
DA:55,1
DA:56,1
DA:57,1
DA:58,1
DA:61,29
DA:62,2
DA:63,2
DA:64,2
DA:67,29
DA:68,3
DA:69,3
DA:70,3
DA:71,3
DA:74,29
DA:75,2
DA:76,1
DA:77,1
DA:78,1
DA:79,1
DA:80,1
DA:83,1
DA:87,29
DA:88,1
DA:89,1
DA:93,29
DA:94,1
DA:95,1
DA:96,1
DA:97,1
DA:98,1
DA:99,1
DA:103,29
DA:222,1
DA:228,1
DA:236,1
DA:262,2
DA:266,1
LF:60
LH:58
BRDA:35,0,0,0
BRDA:35,0,1,0
BRDA:35,1,0,0
BRDA:35,1,1,0
BRDA:40,2,0,7
BRDA:40,2,1,15
BRDA:75,3,0,1
BRDA:75,3,1,1
BRDA:77,4,0,1
BRDA:77,4,1,0
BRDA:88,5,0,1
BRDA:88,5,1,0
BRDA:94,6,0,1
BRDA:94,6,1,0
BRDA:112,7,0,28
BRDA:112,7,1,1
BRDA:119,8,0,28
BRDA:119,8,1,1
BRDA:123,9,0,1
BRDA:123,9,1,28
BRDA:126,10,0,28
BRDA:126,10,1,1
BRDA:132,11,0,28
BRDA:132,11,1,1
BRDA:135,12,0,28
BRDA:135,12,1,1
BRDA:142,13,0,28
BRDA:142,13,1,1
BRDA:168,14,0,28
BRDA:168,14,1,1
BRDA:174,15,0,29
BRDA:174,15,1,7
BRDA:177,16,0,7
BRDA:177,16,1,0
BRDA:213,17,0,29
BRDA:213,17,1,4
BRDA:253,18,0,29
BRDA:253,18,1,5
BRF:38
BRH:30
end_of_record
TN:
SF:src\App\Dashboard\CodespaceGrid.tsx
FN:13,CodespaceGrid
FN:17,(anonymous_1)
FN:39,(anonymous_2)
FNF:3
FNH:3
FNDA:4,CodespaceGrid
FNDA:6,(anonymous_1)
FNDA:5,(anonymous_2)
DA:14,4
DA:17,4
DA:18,6
DA:21,4
DA:22,1
DA:29,3
DA:40,5
LF:7
LH:7
BRDA:21,0,0,1
BRDA:21,0,1,3
BRDA:32,1,0,3
BRDA:32,1,1,0
BRF:4
BRH:3
end_of_record
TN:
SF:src\App\Dashboard\CreateCodespaceCard.tsx
FN:11,CreateCodespaceCard
FNF:1
FNH:1
FNDA:3,CreateCodespaceCard
DA:12,3
DA:14,3
LF:2
LH:2
BRDA:23,0,0,1
BRDA:23,0,1,2
BRDA:26,1,0,2
BRDA:26,1,1,1
BRDA:28,2,0,1
BRDA:28,2,1,2
BRDA:33,3,0,1
BRDA:33,3,1,2
BRF:8
BRH:8
end_of_record
TN:
SF:src\App\Dashboard\Dashboard.tsx
FN:18,(anonymous_0)
FN:29,(anonymous_1)
FN:35,(anonymous_2)
FN:57,(anonymous_3)
FN:64,(anonymous_4)
FNF:5
FNH:3
FNDA:1,(anonymous_0)
FNDA:1,(anonymous_1)
FNDA:1,(anonymous_2)
FNDA:0,(anonymous_3)
FNDA:0,(anonymous_4)
DA:18,1
DA:19,1
DA:20,1
DA:22,1
DA:23,1
DA:24,1
DA:25,1
DA:26,1
DA:29,1
DA:30,1
DA:31,0
DA:35,1
DA:36,1
DA:37,0
DA:38,0
DA:42,1
DA:57,0
DA:64,0
LF:18
LH:13
BRDA:30,0,0,0
BRDA:30,0,1,1
BRDA:36,1,0,0
BRDA:36,1,1,1
BRF:4
BRH:2
end_of_record
TN:
SF:src\App\Dashboard\EmptyState.tsx
FN:9,EmptyState
FN:13,(anonymous_1)
FNF:2
FNH:2
FNDA:4,EmptyState
FNDA:2,(anonymous_1)
DA:10,4
DA:11,4
DA:13,4
DA:14,2
DA:18,4
DA:21,3
DA:25,1
DA:29,2
LF:8
LH:8
BRDA:18,0,0,1
BRDA:18,0,1,3
BRDA:21,1,0,1
BRDA:21,1,1,2
BRDA:22,2,0,3
BRDA:22,2,1,2
BRDA:22,2,2,2
BRDA:31,3,0,1
BRDA:31,3,1,1
BRF:9
BRH:9
end_of_record
TN:
SF:src\App\Dashboard\SearchAndControls.tsx
FN:13,SearchAndControls
FN:32,(anonymous_1)
FN:40,(anonymous_2)
FN:50,(anonymous_3)
FNF:4
FNH:4
FNDA:3,SearchAndControls
FNDA:1,(anonymous_1)
FNDA:1,(anonymous_2)
FNDA:1,(anonymous_3)
DA:19,3
DA:21,3
DA:32,1
DA:40,1
DA:50,1
LF:5
LH:5
BRDA:42,0,0,3
BRDA:42,0,1,0
BRDA:52,1,0,0
BRDA:52,1,1,3
BRF:4
BRH:2
end_of_record
TN:
SF:src\App\Dashboard\TitleBar.tsx
FN:8,(anonymous_0)
FN:15,(anonymous_1)
FN:20,(anonymous_2)
FNF:3
FNH:3
FNDA:3,(anonymous_0)
FNDA:1,(anonymous_1)
FNDA:1,(anonymous_2)
DA:8,1
DA:9,3
DA:10,3
DA:12,3
DA:13,3
DA:15,3
DA:16,1
DA:17,1
DA:20,3
DA:21,1
DA:27,3
LF:11
LH:11
BRDA:38,0,0,3
BRDA:38,0,1,3
BRF:2
BRH:2
end_of_record
TN:
SF:src\App\Dashboard\profile.tsx
FN:17,ProfilePage
FN:43,(anonymous_1)
FN:61,(anonymous_2)
FN:70,(anonymous_3)
FN:114,(anonymous_4)
FNF:5
FNH:2
FNDA:3,ProfilePage
FNDA:0,(anonymous_1)
FNDA:0,(anonymous_2)
FNDA:0,(anonymous_3)
FNDA:2,(anonymous_4)
DA:18,3
DA:19,3
DA:20,3
DA:22,3
DA:23,1
DA:35,2
DA:36,1
DA:43,0
DA:53,1
DA:61,0
DA:70,0
DA:115,2
LF:12
LH:9
BRDA:22,0,0,1
BRDA:22,0,1,2
BRDA:35,1,0,1
BRDA:35,1,1,1
BRDA:89,2,0,0
BRDA:89,2,1,1
BRF:6
BRH:5
end_of_record
TN:
SF:src\App\Home\Homepage.tsx
FN:21,(anonymous_0)
FN:28,(anonymous_1)
FN:29,(anonymous_2)
FN:34,(anonymous_3)
FN:37,(anonymous_4)
FN:39,(anonymous_5)
FN:48,(anonymous_6)
FN:51,(anonymous_7)
FN:56,(anonymous_8)
FN:292,(anonymous_9)
FN:332,(anonymous_10)
FN:448,(anonymous_11)
FN:478,(anonymous_12)
FNF:13
FNH:11
FNDA:5,(anonymous_0)
FNDA:5,(anonymous_1)
FNDA:0,(anonymous_2)
FNDA:5,(anonymous_3)
FNDA:5,(anonymous_4)
FNDA:0,(anonymous_5)
FNDA:5,(anonymous_6)
FNDA:1,(anonymous_7)
FNDA:1,(anonymous_8)
FNDA:5,(anonymous_9)
FNDA:20,(anonymous_10)
FNDA:15,(anonymous_11)
FNDA:70,(anonymous_12)
DA:21,1
DA:22,5
DA:23,5
DA:24,5
DA:25,5
DA:26,5
DA:28,5
DA:29,5
DA:30,0
DA:33,5
DA:34,5
DA:37,5
DA:38,5
DA:39,5
DA:40,0
DA:41,0
DA:42,0
DA:44,0
DA:48,5
DA:51,5
DA:53,1
DA:56,5
DA:58,1
DA:61,5
DA:88,5
DA:130,5
DA:132,5
DA:134,5
DA:136,5
DA:138,5
DA:140,5
DA:142,5
DA:144,5
DA:293,5
DA:333,20
DA:449,15
DA:479,70
LF:37
LH:32
BRDA:40,0,0,0
BRDA:40,0,1,0
BRDA:130,1,0,0
BRDA:130,1,1,5
BRDA:132,2,0,0
BRDA:132,2,1,5
BRDA:134,3,0,0
BRDA:134,3,1,5
BRDA:136,4,0,0
BRDA:136,4,1,5
BRDA:138,5,0,0
BRDA:138,5,1,5
BRDA:140,6,0,0
BRDA:140,6,1,5
BRDA:142,7,0,0
BRDA:142,7,1,5
BRDA:149,8,0,0
BRDA:149,8,1,5
BRDA:190,9,0,0
BRDA:190,9,1,5
BRDA:295,10,0,5
BRDA:295,10,1,5
BRDA:452,11,0,5
BRDA:452,11,1,10
BRDA:455,12,0,15
BRDA:455,12,1,5
BRDA:492,13,0,5
BRDA:492,13,1,10
BRF:28
BRH:17
end_of_record
TN:
SF:src\Contexts\CodespaceContext.tsx
FN:24,(anonymous_0)
FN:25,(anonymous_1)
FN:26,(anonymous_2)
FN:27,(anonymous_3)
FN:37,(anonymous_4)
FN:48,(anonymous_5)
FN:53,(anonymous_6)
FN:59,(anonymous_7)
FN:68,(anonymous_8)
FN:82,(anonymous_9)
FN:117,(anonymous_10)
FN:123,(anonymous_11)
FN:134,(anonymous_12)
FN:157,(anonymous_13)
FN:163,(anonymous_14)
FN:172,(anonymous_15)
FN:172,(anonymous_16)
FN:178,(anonymous_17)
FN:198,(anonymous_18)
FN:215,(anonymous_19)
FN:216,(anonymous_20)
FN:241,(anonymous_21)
FNF:22
FNH:15
FNDA:0,(anonymous_0)
FNDA:0,(anonymous_1)
FNDA:0,(anonymous_2)
FNDA:0,(anonymous_3)
FNDA:33,(anonymous_4)
FNDA:14,(anonymous_5)
FNDA:8,(anonymous_6)
FNDA:8,(anonymous_7)
FNDA:0,(anonymous_8)
FNDA:14,(anonymous_9)
FNDA:0,(anonymous_10)
FNDA:0,(anonymous_11)
FNDA:4,(anonymous_12)
FNDA:3,(anonymous_13)
FNDA:1,(anonymous_14)
FNDA:1,(anonymous_15)
FNDA:1,(anonymous_16)
FNDA:2,(anonymous_17)
FNDA:2,(anonymous_18)
FNDA:1,(anonymous_19)
FNDA:1,(anonymous_20)
FNDA:32,(anonymous_21)
DA:20,1
DA:24,0
DA:25,0
DA:26,0
DA:27,0
DA:30,1
DA:37,1
DA:38,33
DA:39,33
DA:40,33
DA:42,33
DA:44,33
DA:48,33
DA:49,14
DA:50,0
DA:53,33
DA:54,8
DA:55,0
DA:56,0
DA:59,8
DA:60,8
DA:67,8
DA:68,5
DA:75,5
DA:79,8
DA:82,33
DA:88,14
DA:89,0
DA:90,0
DA:93,14
DA:95,14
DA:96,14
DA:97,14
DA:98,0
DA:99,0
DA:100,0
DA:103,14
DA:108,14
DA:114,14
DA:116,14
DA:117,0
DA:118,0
DA:119,0
DA:120,0
DA:123,11
DA:124,11
DA:125,11
DA:128,3
DA:129,3
DA:130,3
DA:134,33
DA:135,4
DA:136,1
DA:137,1
DA:140,3
DA:147,3
DA:148,3
DA:157,3
DA:158,3
DA:160,0
DA:163,33
DA:164,1
DA:171,1
DA:172,1
DA:173,1
DA:175,0
DA:178,33
DA:183,2
DA:184,1
DA:185,1
DA:188,1
DA:195,1
DA:198,33
DA:202,2
DA:203,1
DA:204,1
DA:207,1
DA:214,1
DA:215,1
DA:216,1
DA:218,1
DA:220,0
DA:223,33
DA:241,1
DA:242,32
DA:243,32
LF:86
LH:67
BRDA:44,0,0,33
BRDA:44,0,1,0
BRDA:44,0,2,0
BRDA:49,1,0,14
BRDA:49,1,1,0
BRDA:54,2,0,0
BRDA:54,2,1,8
BRDA:67,3,0,5
BRDA:67,3,1,3
BRDA:67,4,0,8
BRDA:67,4,1,5
BRDA:86,5,0,0
BRDA:88,6,0,0
BRDA:88,6,1,14
BRDA:97,7,0,0
BRDA:97,7,1,14
BRDA:111,8,0,14
BRDA:111,8,1,5
BRDA:116,9,0,0
BRDA:116,9,1,11
BRDA:118,10,0,0
BRDA:118,10,1,0
BRDA:135,11,0,1
BRDA:135,11,1,3
BRDA:147,12,0,3
BRDA:147,12,1,0
BRDA:147,13,0,3
BRDA:147,13,1,3
BRDA:171,14,0,1
BRDA:171,14,1,0
BRDA:183,15,0,1
BRDA:183,15,1,1
BRDA:183,16,0,2
BRDA:183,16,1,2
BRDA:202,17,0,1
BRDA:202,17,1,1
BRDA:214,18,0,1
BRDA:214,18,1,0
BRDA:216,19,0,1
BRDA:216,19,1,0
BRF:40
BRH:26
end_of_record
TN:
SF:src\Contexts\EditorContext.tsx
FN:109,(anonymous_0)
FN:113,(anonymous_1)
FN:114,(anonymous_2)
FN:115,(anonymous_3)
FN:116,(anonymous_4)
FN:116,(anonymous_5)
FN:118,(anonymous_6)
FN:119,(anonymous_7)
FN:120,(anonymous_8)
FN:121,(anonymous_9)
FN:122,(anonymous_10)
FN:124,(anonymous_11)
FN:125,(anonymous_12)
FN:126,(anonymous_13)
FN:127,(anonymous_14)
FN:129,(anonymous_15)
FN:143,(anonymous_16)
FN:173,(anonymous_17)
FN:191,(anonymous_18)
FN:197,(anonymous_19)
FN:205,(anonymous_20)
FN:245,(anonymous_21)
FN:251,(anonymous_22)
FN:271,(anonymous_23)
FN:275,(anonymous_24)
FN:281,(anonymous_25)
FN:285,(anonymous_26)
FN:303,(anonymous_27)
FN:316,(anonymous_28)
FN:321,(anonymous_29)
FN:348,(anonymous_30)
FN:364,(anonymous_31)
FN:370,(anonymous_32)
FN:377,(anonymous_33)
FN:433,(anonymous_34)
FN:490,(anonymous_35)
FN:499,(anonymous_36)
FN:502,(anonymous_37)
FN:517,(anonymous_38)
FN:526,(anonymous_39)
FN:538,(anonymous_40)
FN:552,(anonymous_41)
FN:559,(anonymous_42)
FN:581,(anonymous_43)
FN:591,(anonymous_44)
FN:620,(anonymous_45)
FN:624,(anonymous_46)
FN:639,(anonymous_47)
FN:649,(anonymous_48)
FN:655,(anonymous_49)
FN:677,(anonymous_50)
FN:688,(anonymous_51)
FN:692,(anonymous_52)
FN:696,(anonymous_53)
FN:737,(anonymous_54)
FNF:55
FNH:4
FNDA:0,(anonymous_0)
FNDA:0,(anonymous_1)
FNDA:0,(anonymous_2)
FNDA:0,(anonymous_3)
FNDA:0,(anonymous_4)
FNDA:0,(anonymous_5)
FNDA:0,(anonymous_6)
FNDA:0,(anonymous_7)
FNDA:0,(anonymous_8)
FNDA:0,(anonymous_9)
FNDA:0,(anonymous_10)
FNDA:0,(anonymous_11)
FNDA:0,(anonymous_12)
FNDA:0,(anonymous_13)
FNDA:0,(anonymous_14)
FNDA:0,(anonymous_15)
FNDA:2,(anonymous_16)
FNDA:1,(anonymous_17)
FNDA:0,(anonymous_18)
FNDA:1,(anonymous_19)
FNDA:0,(anonymous_20)
FNDA:0,(anonymous_21)
FNDA:0,(anonymous_22)
FNDA:0,(anonymous_23)
FNDA:0,(anonymous_24)
FNDA:0,(anonymous_25)
FNDA:0,(anonymous_26)
FNDA:0,(anonymous_27)
FNDA:0,(anonymous_28)
FNDA:0,(anonymous_29)
FNDA:0,(anonymous_30)
FNDA:0,(anonymous_31)
FNDA:0,(anonymous_32)
FNDA:0,(anonymous_33)
FNDA:0,(anonymous_34)
FNDA:0,(anonymous_35)
FNDA:0,(anonymous_36)
FNDA:0,(anonymous_37)
FNDA:0,(anonymous_38)
FNDA:0,(anonymous_39)
FNDA:0,(anonymous_40)
FNDA:0,(anonymous_41)
FNDA:0,(anonymous_42)
FNDA:0,(anonymous_43)
FNDA:0,(anonymous_44)
FNDA:0,(anonymous_45)
FNDA:0,(anonymous_46)
FNDA:0,(anonymous_47)
FNDA:0,(anonymous_48)
FNDA:0,(anonymous_49)
FNDA:0,(anonymous_50)
FNDA:0,(anonymous_51)
FNDA:0,(anonymous_52)
FNDA:0,(anonymous_53)
FNDA:2,(anonymous_54)
DA:104,1
DA:114,0
DA:116,0
DA:119,0
DA:121,0
DA:124,0
DA:125,0
DA:126,0
DA:127,0
DA:133,1
DA:135,1
DA:136,1
DA:137,1
DA:143,1
DA:144,2
DA:145,2
DA:146,2
DA:147,2
DA:150,2
DA:151,2
DA:153,2
DA:156,2
DA:161,2
DA:162,2
DA:163,2
DA:164,2
DA:165,2
DA:166,2
DA:167,2
DA:168,2
DA:169,2
DA:170,2
DA:172,2
DA:173,1
DA:187,2
DA:191,2
DA:192,0
DA:197,2
DA:198,1
DA:199,1
DA:200,1
DA:203,0
DA:205,0
DA:206,0
DA:207,0
DA:208,0
DA:210,0
DA:214,0
DA:215,0
DA:218,0
DA:220,0
DA:231,0
DA:234,0
DA:236,0
DA:238,0
DA:239,0
DA:243,0
DA:245,0
DA:246,0
DA:251,2
DA:252,0
DA:253,0
DA:255,0
DA:256,0
DA:258,0
DA:259,0
DA:260,0
DA:262,0
DA:263,0
DA:264,0
DA:266,0
DA:267,0
DA:268,0
DA:271,0
DA:272,0
DA:275,0
DA:276,0
DA:277,0
DA:281,0
DA:282,0
DA:285,0
DA:286,0
DA:289,0
DA:290,0
DA:292,0
DA:293,0
DA:296,0
DA:299,0
DA:300,0
DA:303,2
DA:304,0
DA:305,0
DA:307,0
DA:308,0
DA:309,0
DA:310,0
DA:316,0
DA:317,0
DA:318,0
DA:321,0
DA:322,0
DA:323,0
DA:324,0
DA:325,0
DA:331,0
DA:332,0
DA:336,0
DA:337,0
DA:340,0
DA:341,0
DA:344,0
DA:348,2
DA:349,0
DA:350,0
DA:352,0
DA:353,0
DA:356,0
DA:357,0
DA:358,0
DA:360,0
DA:363,2
DA:365,0
DA:366,0
DA:368,0
DA:370,0
DA:376,2
DA:378,0
DA:383,0
DA:384,0
DA:387,0
DA:388,0
DA:389,0
DA:390,0
DA:392,0
DA:393,0
DA:394,0
DA:397,0
DA:404,0
DA:413,0
DA:414,0
DA:415,0
DA:416,0
DA:419,0
DA:420,0
DA:421,0
DA:423,0
DA:424,0
DA:426,0
DA:432,2
DA:434,0
DA:439,0
DA:440,0
DA:443,0
DA:444,0
DA:445,0
DA:447,0
DA:448,0
DA:449,0
DA:452,0
DA:458,0
DA:460,0
DA:469,0
DA:470,0
DA:471,0
DA:472,0
DA:475,0
DA:476,0
DA:477,0
DA:479,0
DA:480,0
DA:482,0
DA:489,2
DA:491,0
DA:493,0
DA:494,0
DA:495,0
DA:498,0
DA:499,0
DA:500,0
DA:502,0
DA:505,0
DA:506,0
DA:510,0
DA:516,2
DA:518,0
DA:519,0
DA:520,0
DA:525,2
DA:527,0
DA:528,0
DA:530,0
DA:531,0
DA:537,2
DA:539,0
DA:540,0
DA:541,0
DA:542,0
DA:545,0
DA:551,2
DA:553,0
DA:554,0
DA:555,0
DA:556,0
DA:558,0
DA:559,0
DA:565,2
DA:582,0
DA:584,0
DA:588,0
DA:589,0
DA:590,0
DA:591,0
DA:593,0
DA:594,0
DA:605,0
DA:615,0
DA:620,2
DA:621,0
DA:623,0
DA:624,0
DA:626,0
DA:629,0
DA:630,0
DA:632,0
DA:634,0
DA:635,0
DA:638,2
DA:640,0
DA:649,2
DA:650,0
DA:651,0
DA:653,0
DA:655,0
DA:656,0
DA:661,0
DA:673,0
DA:676,2
DA:678,0
DA:688,2
DA:689,0
DA:692,2
DA:693,0
DA:694,0
DA:696,0
DA:697,0
DA:701,2
DA:729,2
DA:737,1
DA:738,2
DA:739,2
DA:740,0
DA:744,2
LF:252
LH:56
BRDA:187,0,0,2
BRDA:187,0,1,2
BRDA:187,0,2,2
BRDA:192,1,0,0
BRDA:192,1,1,0
BRDA:198,2,0,1
BRDA:198,2,1,0
BRDA:203,3,0,0
BRDA:203,3,1,0
BRDA:214,4,0,0
BRDA:214,4,1,0
BRDA:227,5,0,0
BRDA:227,5,1,0
BRDA:228,6,0,0
BRDA:228,6,1,0
BRDA:234,7,0,0
BRDA:234,7,1,0
BRDA:236,8,0,0
BRDA:236,8,1,0
BRDA:276,9,0,0
BRDA:276,9,1,0
BRDA:277,10,0,0
BRDA:277,10,1,0
BRDA:282,11,0,0
BRDA:282,11,1,0
BRDA:286,12,0,0
BRDA:286,12,1,0
BRDA:299,13,0,0
BRDA:299,13,1,0
BRDA:300,14,0,0
BRDA:300,14,1,0
BRDA:307,15,0,0
BRDA:307,15,1,0
BRDA:311,16,0,0
BRDA:311,16,1,0
BRDA:313,17,0,0
BRDA:313,17,1,0
BRDA:322,18,0,0
BRDA:322,18,1,0
BRDA:324,19,0,0
BRDA:324,19,1,0
BRDA:352,20,0,0
BRDA:352,20,1,0
BRDA:365,21,0,0
BRDA:365,21,1,0
BRDA:378,22,0,0
BRDA:378,22,1,0
BRDA:379,23,0,0
BRDA:379,23,1,0
BRDA:379,23,2,0
BRDA:392,24,0,0
BRDA:392,24,1,0
BRDA:392,25,0,0
BRDA:392,25,1,0
BRDA:413,26,0,0
BRDA:413,26,1,0
BRDA:434,27,0,0
BRDA:434,27,1,0
BRDA:435,28,0,0
BRDA:435,28,1,0
BRDA:435,28,2,0
BRDA:447,29,0,0
BRDA:447,29,1,0
BRDA:469,30,0,0
BRDA:469,30,1,0
BRDA:491,31,0,0
BRDA:491,31,1,0
BRDA:493,32,0,0
BRDA:493,32,1,0
BRDA:498,33,0,0
BRDA:498,33,1,0
BRDA:518,34,0,0
BRDA:518,34,1,0
BRDA:541,35,0,0
BRDA:541,35,1,0
BRDA:541,36,0,0
BRDA:541,36,1,0
BRDA:582,37,0,0
BRDA:582,37,1,0
BRDA:582,38,0,0
BRDA:582,38,1,0
BRDA:588,39,0,0
BRDA:588,39,1,0
BRDA:593,40,0,0
BRDA:593,40,1,0
BRDA:598,41,0,0
BRDA:598,41,1,0
BRDA:607,42,0,0
BRDA:607,42,1,0
BRDA:608,43,0,0
BRDA:608,43,1,0
BRDA:621,44,0,0
BRDA:621,44,1,0
BRDA:626,45,0,0
BRDA:626,45,1,0
BRDA:632,46,0,0
BRDA:632,46,1,0
BRDA:651,47,0,0
BRDA:651,47,1,0
BRDA:656,48,0,0
BRDA:656,48,1,0
BRDA:657,49,0,0
BRDA:657,49,1,0
BRDA:657,49,2,0
BRDA:681,50,0,0
BRDA:681,50,1,0
BRDA:689,51,0,0
BRDA:689,51,1,0
BRDA:693,52,0,0
BRDA:693,52,1,0
BRDA:739,53,0,0
BRDA:739,53,1,2
BRF:112
BRH:5
end_of_record
TN:
SF:src\Contexts\ProfileContext.tsx
FN:42,ProfileProvider
FN:49,(anonymous_1)
FN:53,(anonymous_2)
FN:107,(anonymous_3)
FN:152,(anonymous_4)
FN:163,(anonymous_5)
FN:182,useProfile
FNF:7
FNH:7
FNDA:15,ProfileProvider
FNDA:6,(anonymous_1)
FNDA:7,(anonymous_2)
FNDA:2,(anonymous_3)
FNDA:1,(anonymous_4)
FNDA:1,(anonymous_5)
FNDA:12,useProfile
DA:27,1
DA:40,1
DA:44,15
DA:45,15
DA:46,15
DA:49,15
DA:50,6
DA:53,15
DA:54,7
DA:55,7
DA:56,7
DA:61,7
DA:63,7
DA:64,1
DA:65,1
DA:69,6
DA:75,6
DA:77,3
DA:78,3
DA:81,3
DA:83,3
DA:97,3
DA:101,0
DA:103,7
DA:107,15
DA:110,2
DA:111,2
DA:112,2
DA:117,2
DA:119,2
DA:120,0
DA:121,0
DA:125,2
DA:127,2
DA:128,2
DA:129,2
DA:130,2
DA:131,2
DA:132,2
DA:133,2
DA:134,2
DA:135,2
DA:136,2
DA:137,0
DA:140,2
DA:145,2
DA:147,1
DA:148,1
DA:152,1
DA:153,1
DA:155,0
DA:156,0
DA:157,0
DA:159,2
DA:163,15
DA:164,1
DA:167,15
DA:183,12
DA:184,12
DA:185,0
DA:187,12
LF:61
LH:53
BRDA:63,0,0,1
BRDA:63,0,1,6
BRDA:75,1,0,3
BRDA:75,1,1,3
BRDA:81,2,0,3
BRDA:81,2,1,0
BRDA:85,3,0,3
BRDA:85,3,1,0
BRDA:86,4,0,3
BRDA:86,4,1,0
BRDA:87,5,0,3
BRDA:87,5,1,0
BRDA:87,5,2,0
BRDA:88,6,0,3
BRDA:88,6,1,0
BRDA:89,7,0,3
BRDA:89,7,1,0
BRDA:90,8,0,3
BRDA:90,8,1,0
BRDA:91,9,0,3
BRDA:91,9,1,0
BRDA:92,10,0,3
BRDA:92,10,1,0
BRDA:93,11,0,3
BRDA:93,11,1,0
BRDA:94,12,0,3
BRDA:94,12,1,0
BRDA:119,13,0,0
BRDA:119,13,1,2
BRDA:127,14,0,2
BRDA:127,14,1,0
BRDA:128,15,0,0
BRDA:128,15,1,2
BRDA:129,16,0,0
BRDA:129,16,1,2
BRDA:130,17,0,0
BRDA:130,17,1,2
BRDA:131,18,0,0
BRDA:131,18,1,2
BRDA:132,19,0,0
BRDA:132,19,1,2
BRDA:133,20,0,0
BRDA:133,20,1,2
BRDA:134,21,0,0
BRDA:134,21,1,2
BRDA:135,22,0,0
BRDA:135,22,1,2
BRDA:136,23,0,0
BRDA:136,23,1,2
BRDA:145,24,0,1
BRDA:145,24,1,1
BRDA:184,25,0,0
BRDA:184,25,1,12
BRF:53
BRH:29
end_of_record
TN:
SF:src\Contexts\ThemeProvider.tsx
FN:28,(anonymous_0)
FN:82,(anonymous_1)
FN:92,(anonymous_2)
FNF:3
FNH:3
FNDA:5,(anonymous_0)
FNDA:1,(anonymous_1)
FNDA:10,(anonymous_2)
DA:25,4
DA:28,4
DA:31,5
DA:33,5
DA:80,5
DA:82,5
DA:84,5
DA:92,4
DA:93,10
DA:94,9
DA:95,2
DA:97,7
LF:12
LH:12
BRDA:80,0,0,4
BRDA:80,0,1,1
BRDA:94,1,0,2
BRDA:94,1,1,7
BRF:4
BRH:4
end_of_record
TN:
SF:src\components\Avatar.tsx
FN:11,(anonymous_0)
FN:39,(anonymous_1)
FN:63,(anonymous_2)
FN:101,(anonymous_3)
FNF:4
FNH:3
FNDA:1,(anonymous_0)
FNDA:1,(anonymous_1)
FNDA:1,(anonymous_2)
FNDA:0,(anonymous_3)
DA:11,1
DA:20,1
DA:39,1
DA:40,1
DA:42,1
DA:55,1
DA:56,1
DA:57,9
DA:59,1
DA:63,1
DA:64,1
DA:66,1
DA:67,1
DA:68,0
DA:70,1
DA:73,1
DA:74,1
DA:75,1
DA:77,1
DA:103,0
DA:104,0
LF:21
LH:18
BRDA:15,0,0,1
BRDA:16,1,0,1
BRDA:40,2,0,0
BRDA:40,2,1,1
BRDA:64,3,0,0
BRDA:64,3,1,1
BRDA:67,4,0,0
BRDA:67,4,1,1
BRDA:95,5,0,0
BRDA:95,5,1,1
BRDA:99,6,0,0
BRDA:99,6,1,0
BRF:12
BRH:6
end_of_record
TN:
SF:src\components\ThemeToggleBtn.tsx
FN:14,(anonymous_0)
FNF:1
FNH:1
FNDA:1,(anonymous_0)
DA:8,1
DA:14,1
DA:15,1
DA:16,1
DA:18,1
LF:5
LH:5
BRDA:14,0,0,1
BRDA:23,1,0,1
BRDA:23,1,1,0
BRDA:25,2,0,1
BRDA:25,2,1,0
BRF:5
BRH:3
end_of_record
TN:
SF:src\components\login.tsx
FN:8,(anonymous_0)
FN:26,Login
FN:36,(anonymous_2)
FN:37,(anonymous_3)
FN:46,(anonymous_4)
FN:60,(anonymous_5)
FN:127,(anonymous_6)
FN:146,(anonymous_7)
FN:231,(anonymous_8)
FNF:9
FNH:4
FNDA:1,(anonymous_0)
FNDA:1,Login
FNDA:1,(anonymous_2)
FNDA:1,(anonymous_3)
FNDA:0,(anonymous_4)
FNDA:0,(anonymous_5)
FNDA:0,(anonymous_6)
FNDA:0,(anonymous_7)
FNDA:0,(anonymous_8)
DA:8,1
DA:9,1
DA:11,1
DA:27,1
DA:28,1
DA:30,1
DA:31,1
DA:32,1
DA:33,1
DA:36,1
DA:37,1
DA:40,1
DA:41,1
DA:43,1
DA:46,1
DA:47,0
DA:48,0
DA:55,0
DA:56,0
DA:60,1
DA:61,0
DA:62,0
DA:63,0
DA:65,0
DA:70,0
DA:72,0
DA:73,0
DA:75,0
DA:79,1
DA:127,0
DA:146,0
DA:231,0
LF:32
LH:17
BRDA:15,0,0,1
BRDA:15,0,1,0
BRDA:17,1,0,1
BRDA:17,1,1,0
BRDA:41,2,0,0
BRDA:41,2,1,1
BRDA:55,3,0,0
BRDA:55,3,1,0
BRDA:72,4,0,0
BRDA:72,4,1,0
BRDA:102,5,0,1
BRDA:102,5,1,0
BRDA:158,6,0,0
BRDA:158,6,1,1
BRDA:161,7,0,0
BRDA:161,7,1,1
BRF:16
BRH:6
end_of_record
TN:
SF:src\components\signup.tsx
FN:9,(anonymous_0)
FN:27,Signup
FN:38,(anonymous_2)
FN:61,(anonymous_3)
FN:153,(anonymous_4)
FN:171,(anonymous_5)
FN:189,(anonymous_6)
FN:304,(anonymous_7)
FNF:8
FNH:3
FNDA:1,(anonymous_0)
FNDA:1,Signup
FNDA:1,(anonymous_2)
FNDA:0,(anonymous_3)
FNDA:0,(anonymous_4)
FNDA:0,(anonymous_5)
FNDA:0,(anonymous_6)
FNDA:0,(anonymous_7)
DA:9,1
DA:10,1
DA:12,1
DA:28,1
DA:29,1
DA:31,1
DA:32,1
DA:33,1
DA:34,1
DA:35,1
DA:38,1
DA:39,1
DA:40,1
DA:41,0
DA:42,0
DA:43,0
DA:48,0
DA:49,0
DA:55,0
DA:56,0
DA:59,1
DA:61,1
DA:62,0
DA:63,0
DA:64,0
DA:67,0
DA:77,0
DA:78,0
DA:79,0
DA:80,0
DA:83,0
DA:84,0
DA:87,0
DA:88,0
DA:94,0
DA:95,0
DA:97,0
DA:101,0
DA:104,1
DA:153,0
DA:171,0
DA:189,0
DA:304,0
LF:43
LH:16
BRDA:16,0,0,1
BRDA:16,0,1,0
BRDA:18,1,0,1
BRDA:18,1,1,0
BRDA:39,2,0,1
BRDA:39,2,1,0
BRDA:41,3,0,0
BRDA:41,3,1,0
BRDA:43,4,0,0
BRDA:43,4,1,0
BRDA:44,5,0,0
BRDA:44,5,1,0
BRDA:44,5,2,0
BRDA:49,6,0,0
BRDA:49,6,1,0
BRDA:50,7,0,0
BRDA:50,7,1,0
BRDA:50,7,2,0
BRDA:50,7,3,0
BRDA:77,8,0,0
BRDA:77,8,1,0
BRDA:87,9,0,0
BRDA:87,9,1,0
BRDA:94,10,0,0
BRDA:94,10,1,0
BRDA:129,11,0,1
BRDA:129,11,1,0
BRDA:197,12,0,1
BRDA:197,12,1,0
BRDA:214,13,0,0
BRDA:214,13,1,0
BRDA:216,14,0,0
BRDA:216,14,1,0
BRDA:218,15,0,0
BRDA:218,15,1,0
BRDA:231,16,0,0
BRDA:231,16,1,1
BRDA:240,17,0,0
BRDA:240,17,1,1
BRDA:249,18,0,0
BRDA:249,18,1,1
BRDA:262,19,0,1
BRDA:262,19,1,1
BRDA:264,20,0,1
BRDA:264,20,1,0
BRDA:264,21,0,1
BRDA:264,21,1,1
BRDA:269,22,0,0
BRDA:269,22,1,1
BRF:49
BRH:14
end_of_record
TN:
SF:src\utility\utility.ts
FN:1,(anonymous_0)
FN:9,(anonymous_1)
FNF:2
FNH:1
FNDA:0,(anonymous_0)
FNDA:3,(anonymous_1)
DA:1,2
DA:2,0
DA:5,0
DA:6,0
DA:9,2
DA:10,3
DA:11,3
DA:16,3
DA:21,3
LF:9
LH:6
BRDA:5,0,0,0
BRDA:5,0,1,0
BRDA:6,1,0,0
BRDA:6,1,1,0
BRF:4
BRH:0
end_of_record
