TN:
SF:src\routes.js
FNF:0
FNH:0
DA:1,1
LF:1
LH:1
BRDA:12,0,0,0
BRDA:12,0,1,1
BRDA:31,1,0,0
BRDA:31,1,1,1
BRDA:66,2,0,0
BRDA:66,2,1,1
BRDA:86,3,0,0
BRDA:86,3,1,1
BRDA:105,4,0,0
BRDA:105,4,1,1
BRDA:124,5,0,0
BRDA:124,5,1,1
BRF:12
BRH:6
end_of_record
TN:
SF:src\middleware\auth.js
FN:3,(anonymous_0)
FN:11,(anonymous_1)
FN:12,(anonymous_2)
FN:19,(anonymous_3)
FN:34,(anonymous_4)
FN:36,(anonymous_5)
FNF:6
FNH:6
FNDA:1,(anonymous_0)
FNDA:4,(anonymous_1)
FNDA:1,(anonymous_2)
FNDA:1,(anonymous_3)
FNDA:7,(anonymous_4)
FNDA:1,(anonymous_5)
DA:3,1
DA:4,1
DA:6,1
DA:7,0
DA:8,0
DA:11,1
DA:12,4
DA:13,1
DA:15,1
DA:16,0
DA:19,1
DA:20,1
DA:21,0
DA:22,0
DA:25,1
DA:26,1
DA:27,1
DA:28,1
DA:29,1
DA:34,1
DA:35,7
DA:36,4
DA:37,1
LF:23
LH:18
BRDA:6,0,0,0
BRDA:6,0,1,1
BRDA:15,1,0,0
BRDA:15,1,1,1
BRDA:20,2,0,0
BRDA:20,2,1,1
BRDA:35,3,0,4
BRDA:35,3,1,3
BRF:8
BRH:5
end_of_record
TN:
SF:src\middleware\logging.js
FN:3,(anonymous_0)
FNF:1
FNH:1
FNDA:1,(anonymous_0)
DA:3,1
DA:4,1
LF:2
LH:2
BRF:0
BRH:0
end_of_record
TN:
SF:src\middleware\proxy.js
FN:3,(anonymous_0)
FN:4,(anonymous_1)
FN:8,(anonymous_2)
FN:11,(anonymous_3)
FN:17,(anonymous_4)
FN:33,(anonymous_5)
FNF:6
FNH:2
FNDA:1,(anonymous_0)
FNDA:7,(anonymous_1)
FNDA:0,(anonymous_2)
FNDA:0,(anonymous_3)
FNDA:0,(anonymous_4)
FNDA:0,(anonymous_5)
DA:3,1
DA:4,1
DA:5,7
DA:12,0
DA:18,0
DA:27,7
DA:29,1
DA:30,1
DA:33,1
DA:34,0
DA:35,0
DA:39,6
DA:42,7
LF:13
LH:9
BRDA:27,0,0,1
BRDA:27,0,1,6
BRDA:34,1,0,0
BRDA:34,1,1,0
BRF:4
BRH:2
end_of_record
TN:
SF:src\middleware\ratelimit.js
FN:3,(anonymous_0)
FN:4,(anonymous_1)
FNF:2
FNH:2
FNDA:1,(anonymous_0)
FNDA:7,(anonymous_1)
DA:3,1
DA:4,1
DA:5,7
DA:6,7
LF:4
LH:4
BRDA:5,0,0,7
BRDA:5,0,1,0
BRF:2
BRH:1
end_of_record
