TN:
SF:src\controllers\codespaceController.js
FN:4,(anonymous_0)
FN:18,(anonymous_1)
FN:31,(anonymous_2)
FN:50,(anonymous_3)
FN:67,(anonymous_4)
FN:93,(anonymous_5)
FN:112,(anonymous_6)
FN:150,(anonymous_7)
FN:173,(anonymous_8)
FN:206,(anonymous_9)
FN:228,(anonymous_10)
FN:248,(anonymous_11)
FN:265,(anonymous_12)
FNF:13
FNH:7
FNDA:2,(anonymous_0)
FNDA:0,(anonymous_1)
FNDA:0,(anonymous_2)
FNDA:1,(anonymous_3)
FNDA:2,(anonymous_4)
FNDA:1,(anonymous_5)
FNDA:2,(anonymous_6)
FNDA:2,(anonymous_7)
FNDA:0,(anonymous_8)
FNDA:1,(anonymous_9)
FNDA:0,(anonymous_10)
FNDA:0,(anonymous_11)
FNDA:0,(anonymous_12)
DA:7,2
DA:8,2
DA:9,1
DA:14,1
DA:19,0
DA:20,0
DA:21,0
DA:22,0
DA:27,0
DA:32,0
DA:33,0
DA:34,0
DA:36,0
DA:40,0
DA:41,0
DA:46,0
DA:51,1
DA:52,1
DA:53,1
DA:58,1
DA:63,0
DA:68,2
DA:69,2
DA:70,2
DA:72,2
DA:78,1
DA:83,1
DA:84,1
DA:89,0
DA:94,1
DA:95,1
DA:97,1
DA:99,1
DA:103,0
DA:104,0
DA:109,0
DA:113,2
DA:114,2
DA:115,2
DA:117,2
DA:122,1
DA:128,1
DA:135,1
DA:140,0
DA:141,0
DA:146,0
DA:151,2
DA:152,2
DA:153,2
DA:157,1
DA:158,1
DA:162,1
DA:163,1
DA:164,1
DA:169,0
DA:174,0
DA:175,0
DA:176,0
DA:179,0
DA:184,0
DA:190,0
DA:192,0
DA:196,0
DA:197,0
DA:202,0
DA:207,1
DA:208,1
DA:210,1
DA:212,1
DA:218,0
DA:219,0
DA:224,0
DA:229,0
DA:230,0
DA:232,0
DA:234,0
DA:238,0
DA:239,0
DA:244,0
DA:249,0
DA:250,0
DA:251,0
DA:256,0
DA:261,0
DA:266,0
DA:267,0
DA:268,0
DA:270,0
DA:271,0
DA:277,0
DA:284,0
DA:289,0
DA:290,0
DA:295,0
LF:94
LH:38
BRDA:40,0,0,0
BRDA:40,0,1,0
BRDA:83,1,0,1
BRDA:83,1,1,0
BRDA:103,2,0,0
BRDA:103,2,1,0
BRDA:117,3,0,1
BRDA:117,3,1,1
BRDA:118,4,0,2
BRDA:118,4,1,2
BRDA:118,4,2,2
BRDA:140,5,0,0
BRDA:140,5,1,0
BRDA:163,6,0,1
BRDA:163,6,1,0
BRDA:166,7,0,1
BRDA:166,7,1,0
BRDA:179,8,0,0
BRDA:179,8,1,0
BRDA:180,9,0,0
BRDA:180,9,1,0
BRDA:180,9,2,0
BRDA:196,10,0,0
BRDA:196,10,1,0
BRDA:218,11,0,0
BRDA:218,11,1,0
BRDA:238,12,0,0
BRDA:238,12,1,0
BRDA:270,13,0,0
BRDA:270,13,1,0
BRDA:270,14,0,0
BRDA:270,14,1,0
BRDA:289,15,0,0
BRDA:289,15,1,0
BRF:34
BRH:8
end_of_record
TN:
SF:src\controllers\memberController.js
FN:5,(anonymous_0)
FN:26,(anonymous_1)
FN:66,(anonymous_2)
FN:86,(anonymous_3)
FNF:4
FNH:4
FNDA:2,(anonymous_0)
FNDA:3,(anonymous_1)
FNDA:1,(anonymous_2)
FNDA:2,(anonymous_3)
DA:6,2
DA:7,2
DA:9,2
DA:11,1
DA:16,1
DA:17,0
DA:22,1
DA:27,3
DA:28,3
DA:29,3
DA:31,3
DA:32,1
DA:38,2
DA:39,1
DA:45,1
DA:52,1
DA:56,0
DA:57,0
DA:62,0
DA:67,1
DA:68,1
DA:70,1
DA:72,1
DA:76,0
DA:77,0
DA:82,0
DA:87,2
DA:88,2
DA:89,2
DA:91,2
DA:92,1
DA:99,1
DA:104,1
DA:110,1
DA:112,1
DA:116,0
DA:117,0
DA:122,0
LF:38
LH:28
BRDA:16,0,0,0
BRDA:16,0,1,1
BRDA:29,1,0,1
BRDA:31,2,0,1
BRDA:31,2,1,2
BRDA:38,3,0,1
BRDA:38,3,1,1
BRDA:56,4,0,0
BRDA:56,4,1,0
BRDA:76,5,0,0
BRDA:76,5,1,0
BRDA:91,6,0,1
BRDA:91,6,1,1
BRDA:110,7,0,0
BRDA:110,7,1,1
BRDA:116,8,0,0
BRDA:116,8,1,0
BRF:17
BRH:9
end_of_record
TN:
SF:src\services\aiService.js
FN:4,AIChatResponse
FNF:1
FNH:1
FNDA:3,AIChatResponse
DA:5,3
DA:6,1
DA:9,2
DA:29,2
LF:4
LH:4
BRDA:5,0,0,1
BRDA:5,0,1,2
BRF:2
BRH:2
end_of_record
TN:
SF:src\services\codespaceService.js
FN:6,(anonymous_0)
FN:21,(anonymous_1)
FN:37,(anonymous_2)
FN:67,(anonymous_3)
FN:89,(anonymous_4)
FN:99,(anonymous_5)
FN:109,(anonymous_6)
FN:113,(anonymous_7)
FN:123,(anonymous_8)
FN:144,(anonymous_9)
FN:181,(anonymous_10)
FN:194,(anonymous_11)
FN:236,(anonymous_12)
FN:261,(anonymous_13)
FN:279,(anonymous_14)
FN:406,(anonymous_15)
FN:424,(anonymous_16)
FN:495,(anonymous_17)
FNF:18
FNH:8
FNDA:1,(anonymous_0)
FNDA:1,(anonymous_1)
FNDA:0,(anonymous_2)
FNDA:0,(anonymous_3)
FNDA:0,(anonymous_4)
FNDA:0,(anonymous_5)
FNDA:0,(anonymous_6)
FNDA:0,(anonymous_7)
FNDA:1,(anonymous_8)
FNDA:1,(anonymous_9)
FNDA:1,(anonymous_10)
FNDA:0,(anonymous_11)
FNDA:5,(anonymous_12)
FNDA:0,(anonymous_13)
FNDA:1,(anonymous_14)
FNDA:0,(anonymous_15)
FNDA:1,(anonymous_16)
FNDA:0,(anonymous_17)
DA:3,3
DA:4,3
DA:7,1
DA:19,1
DA:21,1
DA:39,0
DA:44,0
DA:47,0
DA:52,0
DA:55,0
DA:56,0
DA:61,0
DA:64,0
DA:68,0
DA:73,0
DA:75,0
DA:77,0
DA:90,0
DA:95,0
DA:97,0
DA:99,0
DA:101,0
DA:106,0
DA:108,0
DA:109,0
DA:110,0
DA:113,0
DA:120,0
DA:124,1
DA:129,1
DA:131,1
DA:133,1
DA:145,1
DA:147,1
DA:157,1
DA:159,1
DA:164,1
DA:183,1
DA:185,1
DA:190,1
DA:191,1
DA:197,0
DA:198,0
DA:203,0
DA:204,0
DA:207,0
DA:209,0
DA:211,0
DA:212,0
DA:215,0
DA:216,0
DA:217,0
DA:220,0
DA:221,0
DA:222,0
DA:223,0
DA:224,0
DA:227,0
DA:230,0
DA:231,0
DA:232,0
DA:237,5
DA:244,5
DA:245,2
DA:246,2
DA:247,2
DA:248,2
DA:251,3
DA:252,1
DA:253,1
DA:254,1
DA:255,1
DA:258,2
DA:262,0
DA:269,0
DA:270,0
DA:271,0
DA:272,0
DA:273,0
DA:276,0
DA:280,1
DA:281,1
DA:282,1
DA:283,1
DA:285,1
DA:287,1
DA:292,1
DA:295,1
DA:300,1
DA:303,1
DA:309,1
DA:312,1
DA:326,1
DA:327,0
DA:328,0
DA:331,1
DA:334,1
DA:344,1
DA:348,1
DA:396,1
DA:397,1
DA:399,1
DA:401,0
DA:402,0
DA:407,0
DA:408,0
DA:413,0
DA:414,0
DA:417,0
DA:419,0
DA:420,0
DA:425,1
DA:427,1
DA:432,1
DA:433,0
DA:437,1
DA:442,1
DA:443,0
DA:447,1
DA:453,1
DA:454,0
DA:455,0
DA:458,1
DA:464,1
DA:465,0
DA:469,1
DA:481,1
DA:482,0
DA:483,0
DA:488,1
DA:490,0
DA:491,0
DA:502,0
DA:504,0
DA:506,0
DA:516,0
DA:517,0
DA:518,0
DA:521,0
DA:522,0
DA:523,0
DA:526,0
DA:539,0
DA:542,0
DA:543,0
DA:547,0
DA:550,0
DA:551,0
DA:552,0
LF:149
LH:62
BRDA:19,0,0,0
BRDA:19,0,1,1
BRDA:25,1,0,1
BRDA:25,1,1,1
BRDA:44,2,0,0
BRDA:44,2,1,0
BRDA:52,3,0,0
BRDA:52,3,1,0
BRDA:52,4,0,0
BRDA:52,4,1,0
BRDA:55,5,0,0
BRDA:55,5,1,0
BRDA:55,6,0,0
BRDA:55,6,1,0
BRDA:61,7,0,0
BRDA:61,7,1,0
BRDA:73,8,0,0
BRDA:73,8,1,0
BRDA:95,9,0,0
BRDA:95,9,1,0
BRDA:97,10,0,0
BRDA:97,10,1,0
BRDA:97,11,0,0
BRDA:97,11,1,0
BRDA:106,12,0,0
BRDA:106,12,1,0
BRDA:109,13,0,0
BRDA:109,13,1,0
BRDA:117,14,0,0
BRDA:117,14,1,0
BRDA:129,15,0,0
BRDA:129,15,1,1
BRDA:157,16,0,0
BRDA:157,16,1,1
BRDA:167,17,0,1
BRDA:167,17,1,1
BRDA:190,18,0,0
BRDA:190,18,1,1
BRDA:203,19,0,0
BRDA:203,19,1,0
BRDA:211,20,0,0
BRDA:211,20,1,0
BRDA:220,21,0,0
BRDA:220,21,1,0
BRDA:230,22,0,0
BRDA:230,22,1,0
BRDA:231,23,0,0
BRDA:231,23,1,0
BRDA:236,24,0,3
BRDA:244,25,0,2
BRDA:244,25,1,3
BRDA:244,26,0,5
BRDA:244,26,1,4
BRDA:251,27,0,1
BRDA:251,27,1,2
BRDA:251,28,0,3
BRDA:251,28,1,2
BRDA:269,29,0,0
BRDA:269,29,1,0
BRDA:269,30,0,0
BRDA:269,30,1,0
BRDA:281,31,0,0
BRDA:281,31,1,1
BRDA:282,32,0,0
BRDA:282,32,1,1
BRDA:282,33,0,1
BRDA:282,33,1,1
BRDA:283,34,0,0
BRDA:283,34,1,1
BRDA:292,35,0,0
BRDA:292,35,1,1
BRDA:300,36,0,0
BRDA:300,36,1,1
BRDA:309,37,0,0
BRDA:309,37,1,1
BRDA:326,38,0,0
BRDA:326,38,1,1
BRDA:413,39,0,0
BRDA:413,39,1,0
BRDA:413,40,0,0
BRDA:413,40,1,0
BRDA:432,41,0,0
BRDA:432,41,1,1
BRDA:432,42,0,1
BRDA:432,42,1,1
BRDA:442,43,0,0
BRDA:442,43,1,1
BRDA:442,44,0,1
BRDA:442,44,1,1
BRDA:453,45,0,0
BRDA:453,45,1,1
BRDA:464,46,0,0
BRDA:464,46,1,1
BRDA:481,47,0,0
BRDA:481,47,1,1
BRDA:516,48,0,0
BRDA:516,48,1,0
BRDA:542,49,0,0
BRDA:542,49,1,0
BRDA:542,50,0,0
BRDA:542,50,1,0
BRF:101
BRH:35
end_of_record
TN:
SF:src\services\memberService.js
FN:4,(anonymous_0)
FN:22,(anonymous_1)
FN:35,(anonymous_2)
FN:85,(anonymous_3)
FNF:4
FNH:0
FNDA:0,(anonymous_0)
FNDA:0,(anonymous_1)
FNDA:0,(anonymous_2)
FNDA:0,(anonymous_3)
DA:6,0
DA:8,0
DA:20,0
DA:22,0
DA:37,0
DA:43,0
DA:49,0
DA:50,0
DA:51,0
DA:52,0
DA:53,0
DA:57,0
DA:64,0
DA:65,0
DA:68,0
DA:69,0
DA:70,0
DA:74,0
DA:81,0
DA:82,0
DA:91,0
DA:97,0
DA:103,0
DA:108,0
DA:111,0
DA:112,0
DA:113,0
DA:116,0
DA:122,0
DA:123,0
LF:30
LH:0
BRDA:20,0,0,0
BRDA:20,0,1,0
BRDA:49,1,0,0
BRDA:49,1,1,0
BRDA:49,2,0,0
BRDA:49,2,1,0
BRDA:64,3,0,0
BRDA:64,3,1,0
BRDA:77,4,0,0
BRDA:77,4,1,0
BRDA:81,5,0,0
BRDA:81,5,1,0
BRDA:103,6,0,0
BRDA:103,6,1,0
BRDA:104,7,0,0
BRDA:104,7,1,0
BRDA:104,7,2,0
BRDA:122,8,0,0
BRDA:122,8,1,0
BRF:19
BRH:0
end_of_record
TN:
SF:src\services\supabaseClient.js
FNF:0
FNH:0
DA:3,2
DA:5,2
LF:2
LH:2
BRF:0
BRH:0
end_of_record
