TN:
SF:src\controllers\codespaceController.js
FN:4,(anonymous_0)
FN:18,(anonymous_1)
FN:31,(anonymous_2)
FN:50,(anonymous_3)
FN:67,(anonymous_4)
FN:93,(anonymous_5)
FN:112,(anonymous_6)
FN:151,(anonymous_7)
FN:165,(anonymous_8)
FN:198,(anonymous_9)
FN:220,(anonymous_10)
FN:240,(anonymous_11)
FN:257,(anonymous_12)
FNF:13
FNH:13
FNDA:2,(anonymous_0)
FNDA:2,(anonymous_1)
FNDA:3,(anonymous_2)
FNDA:2,(anonymous_3)
FNDA:2,(anonymous_4)
FNDA:3,(anonymous_5)
FNDA:4,(anonymous_6)
FNDA:2,(anonymous_7)
FNDA:5,(anonymous_8)
FNDA:2,(anonymous_9)
FNDA:3,(anonymous_10)
FNDA:2,(anonymous_11)
FNDA:5,(anonymous_12)
DA:7,2
DA:8,2
DA:9,1
DA:14,1
DA:19,2
DA:20,2
DA:21,2
DA:22,1
DA:27,1
DA:32,3
DA:33,3
DA:34,3
DA:36,1
DA:40,2
DA:41,1
DA:46,1
DA:51,2
DA:52,2
DA:53,2
DA:58,1
DA:63,1
DA:68,2
DA:69,2
DA:70,2
DA:72,2
DA:78,1
DA:83,1
DA:84,1
DA:89,0
DA:94,3
DA:95,3
DA:97,3
DA:99,1
DA:103,2
DA:104,1
DA:109,1
DA:113,4
DA:114,4
DA:115,4
DA:117,4
DA:122,1
DA:128,3
DA:136,1
DA:141,2
DA:142,1
DA:147,1
DA:152,2
DA:153,2
DA:157,1
DA:161,1
DA:166,5
DA:167,5
DA:168,5
DA:171,5
DA:176,2
DA:182,3
DA:184,1
DA:188,2
DA:189,1
DA:194,1
DA:199,2
DA:200,2
DA:202,2
DA:204,1
DA:210,1
DA:211,1
DA:216,0
DA:221,3
DA:222,3
DA:224,3
DA:226,1
DA:230,2
DA:231,1
DA:236,1
DA:241,2
DA:242,2
DA:243,2
DA:248,1
DA:253,1
DA:258,5
DA:259,5
DA:260,5
DA:262,5
DA:263,2
DA:269,3
DA:276,1
DA:281,2
DA:282,1
DA:287,1
LF:89
LH:87
BRDA:40,0,0,1
BRDA:40,0,1,1
BRDA:83,1,0,1
BRDA:83,1,1,0
BRDA:103,2,0,1
BRDA:103,2,1,1
BRDA:117,3,0,1
BRDA:117,3,1,3
BRDA:118,4,0,4
BRDA:118,4,1,4
BRDA:118,4,2,4
BRDA:141,5,0,1
BRDA:141,5,1,1
BRDA:171,6,0,2
BRDA:171,6,1,3
BRDA:172,7,0,5
BRDA:172,7,1,4
BRDA:172,7,2,4
BRDA:188,8,0,1
BRDA:188,8,1,1
BRDA:210,9,0,1
BRDA:210,9,1,0
BRDA:230,10,0,1
BRDA:230,10,1,1
BRDA:262,11,0,2
BRDA:262,11,1,3
BRDA:262,12,0,5
BRDA:262,12,1,4
BRDA:281,13,0,1
BRDA:281,13,1,1
BRF:30
BRH:28
end_of_record
TN:
SF:src\controllers\memberController.js
FN:5,(anonymous_0)
FN:26,(anonymous_1)
FN:66,(anonymous_2)
FN:86,(anonymous_3)
FNF:4
FNH:4
FNDA:2,(anonymous_0)
FNDA:3,(anonymous_1)
FNDA:1,(anonymous_2)
FNDA:2,(anonymous_3)
DA:6,2
DA:7,2
DA:9,2
DA:11,1
DA:16,1
DA:17,0
DA:22,1
DA:27,3
DA:28,3
DA:29,3
DA:31,3
DA:32,1
DA:38,2
DA:39,1
DA:45,1
DA:52,1
DA:56,0
DA:57,0
DA:62,0
DA:67,1
DA:68,1
DA:70,1
DA:72,1
DA:76,0
DA:77,0
DA:82,0
DA:87,2
DA:88,2
DA:89,2
DA:91,2
DA:92,1
DA:99,1
DA:104,1
DA:110,1
DA:112,1
DA:116,0
DA:117,0
DA:122,0
LF:38
LH:28
BRDA:16,0,0,0
BRDA:16,0,1,1
BRDA:29,1,0,1
BRDA:31,2,0,1
BRDA:31,2,1,2
BRDA:38,3,0,1
BRDA:38,3,1,1
BRDA:56,4,0,0
BRDA:56,4,1,0
BRDA:76,5,0,0
BRDA:76,5,1,0
BRDA:91,6,0,1
BRDA:91,6,1,1
BRDA:110,7,0,0
BRDA:110,7,1,1
BRDA:116,8,0,0
BRDA:116,8,1,0
BRF:17
BRH:9
end_of_record
TN:
SF:src\services\aiService.js
FN:4,AIChatResponse
FNF:1
FNH:1
FNDA:3,AIChatResponse
DA:5,3
DA:6,1
DA:9,2
DA:29,2
LF:4
LH:4
BRDA:5,0,0,1
BRDA:5,0,1,2
BRF:2
BRH:2
end_of_record
TN:
SF:src\services\codespaceService.js
FN:6,(anonymous_0)
FN:21,(anonymous_1)
FN:37,(anonymous_2)
FN:67,(anonymous_3)
FN:89,(anonymous_4)
FN:99,(anonymous_5)
FN:109,(anonymous_6)
FN:113,(anonymous_7)
FN:123,(anonymous_8)
FN:144,(anonymous_9)
FN:181,(anonymous_10)
FN:194,(anonymous_11)
FN:236,(anonymous_12)
FN:261,(anonymous_13)
FN:279,(anonymous_14)
FN:421,(anonymous_15)
FN:439,(anonymous_16)
FN:510,(anonymous_17)
FNF:18
FNH:18
FNDA:2,(anonymous_0)
FNDA:1,(anonymous_1)
FNDA:3,(anonymous_2)
FNDA:2,(anonymous_3)
FNDA:3,(anonymous_4)
FNDA:1,(anonymous_5)
FNDA:1,(anonymous_6)
FNDA:1,(anonymous_7)
FNDA:1,(anonymous_8)
FNDA:1,(anonymous_9)
FNDA:1,(anonymous_10)
FNDA:4,(anonymous_11)
FNDA:4,(anonymous_12)
FNDA:2,(anonymous_13)
FNDA:8,(anonymous_14)
FNDA:2,(anonymous_15)
FNDA:6,(anonymous_16)
FNDA:3,(anonymous_17)
DA:3,2
DA:4,2
DA:7,2
DA:19,2
DA:21,1
DA:39,3
DA:44,3
DA:47,2
DA:52,2
DA:55,2
DA:56,1
DA:61,1
DA:64,2
DA:68,2
DA:73,2
DA:75,1
DA:77,1
DA:90,3
DA:95,3
DA:97,3
DA:99,1
DA:101,1
DA:106,1
DA:108,1
DA:109,1
DA:110,1
DA:113,1
DA:120,1
DA:124,1
DA:129,1
DA:131,1
DA:133,1
DA:145,1
DA:147,1
DA:157,1
DA:159,1
DA:164,1
DA:183,1
DA:185,1
DA:190,1
DA:191,1
DA:197,4
DA:198,4
DA:203,4
DA:204,3
DA:207,1
DA:209,3
DA:211,3
DA:212,1
DA:215,1
DA:216,1
DA:217,1
DA:220,2
DA:221,1
DA:222,1
DA:223,1
DA:224,1
DA:227,1
DA:230,1
DA:231,1
DA:232,1
DA:237,4
DA:244,4
DA:245,1
DA:246,1
DA:247,1
DA:248,1
DA:251,3
DA:252,1
DA:253,1
DA:254,1
DA:255,1
DA:258,2
DA:262,2
DA:269,2
DA:270,1
DA:271,1
DA:272,1
DA:273,1
DA:276,1
DA:286,8
DA:287,8
DA:288,7
DA:289,6
DA:291,5
DA:293,5
DA:298,5
DA:301,4
DA:306,4
DA:309,3
DA:315,3
DA:318,2
DA:332,2
DA:333,1
DA:334,1
DA:338,1
DA:359,1
DA:362,1
DA:365,1
DA:412,1
DA:414,1
DA:416,4
DA:417,4
DA:422,2
DA:423,2
DA:428,2
DA:429,1
DA:432,1
DA:434,1
DA:435,1
DA:440,6
DA:442,6
DA:447,6
DA:448,1
DA:452,5
DA:457,5
DA:458,1
DA:462,4
DA:468,4
DA:469,1
DA:470,1
DA:473,3
DA:479,3
DA:480,1
DA:484,2
DA:496,2
DA:497,1
DA:498,1
DA:503,1
DA:505,5
DA:506,5
DA:517,3
DA:519,2
DA:521,2
DA:531,2
DA:532,1
DA:533,1
DA:536,1
DA:537,1
DA:538,1
DA:541,1
DA:554,1
DA:557,1
DA:558,1
DA:562,0
DA:565,0
DA:566,0
DA:567,0
LF:148
LH:144
BRDA:19,0,0,1
BRDA:19,0,1,1
BRDA:25,1,0,1
BRDA:25,1,1,1
BRDA:44,2,0,1
BRDA:44,2,1,2
BRDA:52,3,0,0
BRDA:52,3,1,2
BRDA:52,4,0,2
BRDA:52,4,1,1
BRDA:55,5,0,1
BRDA:55,5,1,1
BRDA:55,6,0,2
BRDA:55,6,1,1
BRDA:61,7,0,0
BRDA:61,7,1,1
BRDA:73,8,0,1
BRDA:73,8,1,1
BRDA:95,9,0,0
BRDA:95,9,1,3
BRDA:97,10,0,2
BRDA:97,10,1,1
BRDA:97,11,0,3
BRDA:97,11,1,2
BRDA:106,12,0,0
BRDA:106,12,1,1
BRDA:109,13,0,1
BRDA:109,13,1,0
BRDA:117,14,0,1
BRDA:117,14,1,0
BRDA:129,15,0,0
BRDA:129,15,1,1
BRDA:157,16,0,0
BRDA:157,16,1,1
BRDA:167,17,0,1
BRDA:167,17,1,1
BRDA:190,18,0,0
BRDA:190,18,1,1
BRDA:203,19,0,3
BRDA:203,19,1,1
BRDA:211,20,0,1
BRDA:211,20,1,2
BRDA:220,21,0,1
BRDA:220,21,1,1
BRDA:230,22,0,1
BRDA:230,22,1,1
BRDA:231,23,0,1
BRDA:231,23,1,1
BRDA:236,24,0,0
BRDA:244,25,0,1
BRDA:244,25,1,3
BRDA:244,26,0,4
BRDA:244,26,1,3
BRDA:251,27,0,1
BRDA:251,27,1,2
BRDA:251,28,0,3
BRDA:251,28,1,2
BRDA:269,29,0,1
BRDA:269,29,1,1
BRDA:269,30,0,2
BRDA:269,30,1,1
BRDA:287,31,0,1
BRDA:287,31,1,7
BRDA:288,32,0,1
BRDA:288,32,1,6
BRDA:288,33,0,7
BRDA:288,33,1,6
BRDA:289,34,0,1
BRDA:289,34,1,5
BRDA:298,35,0,1
BRDA:298,35,1,4
BRDA:306,36,0,1
BRDA:306,36,1,3
BRDA:315,37,0,1
BRDA:315,37,1,2
BRDA:332,38,0,1
BRDA:332,38,1,1
BRDA:362,39,0,1
BRDA:362,39,1,0
BRDA:428,40,0,1
BRDA:428,40,1,1
BRDA:428,41,0,2
BRDA:428,41,1,1
BRDA:447,42,0,1
BRDA:447,42,1,5
BRDA:447,43,0,6
BRDA:447,43,1,5
BRDA:457,44,0,1
BRDA:457,44,1,4
BRDA:457,45,0,5
BRDA:457,45,1,4
BRDA:468,46,0,1
BRDA:468,46,1,3
BRDA:479,47,0,1
BRDA:479,47,1,2
BRDA:496,48,0,1
BRDA:496,48,1,1
BRDA:531,49,0,1
BRDA:531,49,1,1
BRDA:557,50,0,1
BRDA:557,50,1,0
BRDA:557,51,0,1
BRDA:557,51,1,1
BRF:103
BRH:91
end_of_record
TN:
SF:src\services\memberService.js
FN:5,(anonymous_0)
FN:23,(anonymous_1)
FN:36,(anonymous_2)
FN:86,(anonymous_3)
FNF:4
FNH:3
FNDA:3,(anonymous_0)
FNDA:2,(anonymous_1)
FNDA:4,(anonymous_2)
FNDA:0,(anonymous_3)
DA:7,3
DA:9,3
DA:21,3
DA:23,2
DA:38,4
DA:44,4
DA:50,4
DA:51,1
DA:52,1
DA:53,1
DA:54,1
DA:58,3
DA:65,3
DA:66,1
DA:69,1
DA:70,1
DA:71,1
DA:75,2
DA:82,2
DA:83,1
DA:92,0
DA:98,0
DA:104,0
DA:109,0
DA:112,0
DA:113,0
DA:114,0
DA:117,0
DA:123,0
DA:124,0
LF:30
LH:20
BRDA:21,0,0,1
BRDA:21,0,1,2
BRDA:50,1,0,1
BRDA:50,1,1,3
BRDA:50,2,0,4
BRDA:50,2,1,3
BRDA:65,3,0,1
BRDA:65,3,1,2
BRDA:78,4,0,2
BRDA:78,4,1,0
BRDA:82,5,0,1
BRDA:82,5,1,1
BRDA:104,6,0,0
BRDA:104,6,1,0
BRDA:105,7,0,0
BRDA:105,7,1,0
BRDA:105,7,2,0
BRDA:123,8,0,0
BRDA:123,8,1,0
BRF:19
BRH:11
end_of_record
TN:
SF:src\services\supabaseClient.js
FNF:0
FNH:0
DA:3,2
DA:5,2
LF:2
LH:2
BRF:0
BRH:0
end_of_record
