TN:
SF:src\yjs-persistence.js
FN:12,(anonymous_0)
FN:18,(anonymous_1)
FN:26,(anonymous_2)
FN:77,(anonymous_3)
FN:81,(anonymous_4)
FN:95,(anonymous_5)
FN:132,(anonymous_6)
FN:149,(anonymous_7)
FN:150,(anonymous_8)
FN:157,(anonymous_9)
FN:164,(anonymous_10)
FN:171,(anonymous_11)
FN:177,(anonymous_12)
FN:179,(anonymous_13)
FN:193,(anonymous_14)
FN:214,(anonymous_15)
FN:231,(anonymous_16)
FN:232,(anonymous_17)
FN:236,(anonymous_18)
FN:237,(anonymous_19)
FN:332,(anonymous_20)
FNF:21
FNH:13
FNDA:1,(anonymous_0)
FNDA:3,(anonymous_1)
FNDA:3,(anonymous_2)
FNDA:0,(anonymous_3)
FNDA:0,(anonymous_4)
FNDA:0,(anonymous_5)
FNDA:0,(anonymous_6)
FNDA:3,(anonymous_7)
FNDA:1,(anonymous_8)
FNDA:1,(anonymous_9)
FNDA:1,(anonymous_10)
FNDA:5,(anonymous_11)
FNDA:5,(anonymous_12)
FNDA:5,(anonymous_13)
FNDA:2,(anonymous_14)
FNDA:2,(anonymous_15)
FNDA:0,(anonymous_16)
FNDA:0,(anonymous_17)
FNDA:0,(anonymous_18)
FNDA:0,(anonymous_19)
FNDA:4,(anonymous_20)
DA:2,1
DA:6,1
DA:13,1
DA:14,1
DA:15,1
DA:19,3
DA:20,3
DA:22,3
DA:23,3
DA:27,3
DA:28,3
DA:33,3
DA:34,0
DA:38,0
DA:41,3
DA:42,3
DA:43,0
DA:44,0
DA:45,0
DA:47,0
DA:51,0
DA:52,0
DA:56,0
DA:57,0
DA:60,0
DA:70,3
DA:74,3
DA:75,0
DA:77,0
DA:78,0
DA:79,0
DA:81,0
DA:82,0
DA:83,0
DA:84,0
DA:86,0
DA:87,0
DA:90,0
DA:91,0
DA:94,0
DA:95,0
DA:98,0
DA:100,0
DA:104,0
DA:110,0
DA:111,0
DA:114,0
DA:118,0
DA:126,0
DA:129,0
DA:130,0
DA:132,0
DA:133,0
DA:134,0
DA:135,0
DA:136,0
DA:142,0
DA:150,3
DA:151,1
DA:152,1
DA:159,1
DA:160,0
DA:164,1
DA:165,1
DA:168,1
DA:172,5
DA:173,5
DA:174,5
DA:177,5
DA:178,5
DA:179,5
DA:180,5
DA:181,2
DA:182,2
DA:183,0
DA:184,0
DA:188,5
DA:189,5
DA:193,5
DA:194,2
DA:195,2
DA:196,2
DA:198,0
DA:199,0
DA:204,0
DA:207,0
DA:210,5
DA:211,5
DA:213,5
DA:214,2
DA:217,5
DA:222,5
DA:223,0
DA:227,0
DA:230,5
DA:231,0
DA:232,0
DA:234,5
DA:235,0
DA:236,0
DA:237,0
DA:240,0
DA:245,0
DA:246,0
DA:248,0
DA:251,0
DA:252,0
DA:256,0
DA:257,0
DA:259,0
DA:266,5
DA:267,5
DA:269,5
DA:270,2
DA:272,2
DA:273,2
DA:274,2
DA:275,2
DA:277,2
DA:286,2
DA:292,5
DA:293,2
DA:297,0
DA:298,0
DA:300,0
DA:304,3
DA:305,0
DA:312,0
DA:314,0
DA:315,0
DA:321,0
DA:325,2
DA:334,4
DA:335,1
DA:336,1
DA:340,4
DA:343,4
DA:347,1
LF:138
LH:66
BRDA:33,0,0,0
BRDA:33,0,1,3
BRDA:42,1,0,0
BRDA:42,1,1,3
BRDA:42,2,0,3
BRDA:42,2,1,3
BRDA:45,3,0,0
BRDA:45,3,1,0
BRDA:51,4,0,0
BRDA:51,4,1,0
BRDA:56,5,0,0
BRDA:56,5,1,0
BRDA:71,6,0,3
BRDA:71,6,1,3
BRDA:74,7,0,0
BRDA:74,7,1,3
BRDA:74,8,0,3
BRDA:74,8,1,3
BRDA:91,9,0,0
BRDA:91,9,1,0
BRDA:95,10,0,0
BRDA:95,10,1,0
BRDA:98,11,0,0
BRDA:98,11,1,0
BRDA:121,12,0,0
BRDA:121,12,1,0
BRDA:133,13,0,0
BRDA:133,13,1,0
BRDA:135,14,0,0
BRDA:135,14,1,0
BRDA:151,15,0,1
BRDA:151,15,1,0
BRDA:159,16,0,0
BRDA:159,16,1,1
BRDA:174,17,0,5
BRDA:174,17,1,0
BRDA:181,18,0,2
BRDA:181,18,1,0
BRDA:183,19,0,0
BRDA:183,19,1,0
BRDA:183,20,0,0
BRDA:183,20,1,0
BRDA:193,21,0,2
BRDA:195,22,0,2
BRDA:195,22,1,0
BRDA:195,23,0,2
BRDA:195,23,1,2
BRDA:198,24,0,0
BRDA:198,24,1,0
BRDA:198,25,0,0
BRDA:198,25,1,0
BRDA:204,26,0,0
BRDA:204,26,1,0
BRDA:222,27,0,0
BRDA:222,27,1,5
BRDA:234,28,0,0
BRDA:234,28,1,5
BRDA:245,29,0,0
BRDA:245,29,1,0
BRDA:251,30,0,0
BRDA:251,30,1,0
BRDA:256,31,0,0
BRDA:256,31,1,0
BRDA:270,32,0,0
BRDA:270,32,1,2
BRDA:274,33,0,2
BRDA:274,33,1,0
BRDA:292,34,0,2
BRDA:292,34,1,3
BRDA:297,35,0,0
BRDA:297,35,1,0
BRDA:312,36,0,0
BRDA:312,36,1,0
BRDA:314,37,0,0
BRDA:314,37,1,0
BRDA:334,38,0,1
BRDA:334,38,1,3
BRF:77
BRH:25
end_of_record
