TN:
SF:src\yjs-persistence.js
FN:12,(anonymous_0)
FN:18,(anonymous_1)
FN:24,(anonymous_2)
FN:33,(anonymous_3)
FN:93,(anonymous_4)
FN:94,(anonymous_5)
FN:98,(anonymous_6)
FN:110,(anonymous_7)
FN:145,(anonymous_8)
FN:166,(anonymous_9)
FN:167,(anonymous_10)
FN:174,(anonymous_11)
FN:183,(anonymous_12)
FN:190,(anonymous_13)
FN:197,(anonymous_14)
FN:204,(anonymous_15)
FN:210,(anonymous_16)
FN:212,(anonymous_17)
FN:226,(anonymous_18)
FN:246,(anonymous_19)
FN:263,(anonymous_20)
FN:264,(anonymous_21)
FN:268,(anonymous_22)
FN:269,(anonymous_23)
FN:345,(anonymous_24)
FN:382,(anonymous_25)
FN:385,(anonymous_26)
FNF:27
FNH:13
FNDA:1,(anonymous_0)
FNDA:3,(anonymous_1)
FNDA:4,(anonymous_2)
FNDA:3,(anonymous_3)
FNDA:0,(anonymous_4)
FNDA:0,(anonymous_5)
FNDA:0,(anonymous_6)
FNDA:0,(anonymous_7)
FNDA:0,(anonymous_8)
FNDA:3,(anonymous_9)
FNDA:1,(anonymous_10)
FNDA:0,(anonymous_11)
FNDA:0,(anonymous_12)
FNDA:1,(anonymous_13)
FNDA:1,(anonymous_14)
FNDA:5,(anonymous_15)
FNDA:5,(anonymous_16)
FNDA:5,(anonymous_17)
FNDA:2,(anonymous_18)
FNDA:2,(anonymous_19)
FNDA:0,(anonymous_20)
FNDA:0,(anonymous_21)
FNDA:0,(anonymous_22)
FNDA:0,(anonymous_23)
FNDA:0,(anonymous_24)
FNDA:0,(anonymous_25)
FNDA:0,(anonymous_26)
DA:2,1
DA:6,1
DA:13,1
DA:14,1
DA:15,1
DA:19,3
DA:20,3
DA:21,3
DA:25,4
DA:26,1
DA:27,1
DA:29,4
DA:30,4
DA:34,3
DA:36,3
DA:38,3
DA:43,3
DA:44,0
DA:48,0
DA:51,3
DA:52,3
DA:53,0
DA:54,0
DA:55,0
DA:57,0
DA:62,0
DA:66,0
DA:67,0
DA:71,0
DA:72,0
DA:76,0
DA:86,3
DA:90,3
DA:91,0
DA:93,0
DA:94,0
DA:95,0
DA:96,0
DA:98,0
DA:99,0
DA:100,0
DA:101,0
DA:103,0
DA:104,0
DA:106,0
DA:107,0
DA:109,0
DA:110,0
DA:113,0
DA:114,0
DA:118,0
DA:124,0
DA:125,0
DA:128,0
DA:131,0
DA:139,0
DA:142,0
DA:143,0
DA:145,0
DA:146,0
DA:147,0
DA:148,0
DA:149,0
DA:151,0
DA:152,0
DA:159,0
DA:167,3
DA:168,1
DA:169,1
DA:175,0
DA:176,0
DA:177,0
DA:179,0
DA:180,0
DA:181,0
DA:183,0
DA:184,0
DA:187,0
DA:191,1
DA:192,0
DA:194,1
DA:195,0
DA:197,1
DA:198,1
DA:201,1
DA:205,5
DA:206,5
DA:207,5
DA:210,5
DA:211,5
DA:212,5
DA:213,5
DA:214,2
DA:215,2
DA:216,0
DA:217,0
DA:221,5
DA:222,5
DA:226,5
DA:227,2
DA:228,2
DA:229,2
DA:231,0
DA:232,0
DA:237,0
DA:240,0
DA:243,5
DA:245,5
DA:246,2
DA:249,5
DA:254,5
DA:255,0
DA:259,0
DA:262,5
DA:263,0
DA:264,0
DA:266,5
DA:267,0
DA:268,0
DA:269,0
DA:272,0
DA:277,0
DA:278,0
DA:280,0
DA:283,0
DA:284,0
DA:288,0
DA:289,0
DA:291,0
DA:298,5
DA:299,5
DA:301,5
DA:302,2
DA:304,2
DA:305,2
DA:306,2
DA:307,2
DA:309,2
DA:318,2
DA:324,5
DA:325,2
DA:329,0
DA:330,0
DA:332,0
DA:336,3
DA:337,0
DA:338,0
DA:340,0
DA:341,0
DA:344,0
DA:345,0
DA:346,0
DA:347,0
DA:354,0
DA:358,0
DA:362,0
DA:369,0
DA:371,0
DA:375,0
DA:379,0
DA:381,0
DA:382,0
DA:384,0
DA:386,0
DA:390,0
DA:419,2
DA:427,1
LF:167
LH:66
BRDA:25,0,0,1
BRDA:25,0,1,3
BRDA:33,1,0,3
BRDA:36,2,0,0
BRDA:36,2,1,3
BRDA:43,3,0,0
BRDA:43,3,1,3
BRDA:52,4,0,0
BRDA:52,4,1,3
BRDA:52,5,0,3
BRDA:52,5,1,3
BRDA:55,6,0,0
BRDA:55,6,1,0
BRDA:57,7,0,0
BRDA:57,7,1,0
BRDA:66,8,0,0
BRDA:66,8,1,0
BRDA:71,9,0,0
BRDA:71,9,1,0
BRDA:87,10,0,3
BRDA:87,10,1,3
BRDA:90,11,0,0
BRDA:90,11,1,3
BRDA:90,12,0,3
BRDA:90,12,1,3
BRDA:107,13,0,0
BRDA:107,13,1,0
BRDA:110,14,0,0
BRDA:110,14,1,0
BRDA:113,15,0,0
BRDA:113,15,1,0
BRDA:134,16,0,0
BRDA:134,16,1,0
BRDA:146,17,0,0
BRDA:146,17,1,0
BRDA:148,18,0,0
BRDA:148,18,1,0
BRDA:151,19,0,0
BRDA:151,19,1,0
BRDA:168,20,0,1
BRDA:168,20,1,0
BRDA:175,21,0,0
BRDA:175,21,1,0
BRDA:179,22,0,0
BRDA:179,22,1,0
BRDA:191,23,0,0
BRDA:191,23,1,1
BRDA:194,24,0,0
BRDA:194,24,1,1
BRDA:207,25,0,5
BRDA:207,25,1,0
BRDA:214,26,0,2
BRDA:214,26,1,0
BRDA:216,27,0,0
BRDA:216,27,1,0
BRDA:216,28,0,0
BRDA:216,28,1,0
BRDA:226,29,0,2
BRDA:228,30,0,2
BRDA:228,30,1,0
BRDA:228,31,0,2
BRDA:228,31,1,2
BRDA:231,32,0,0
BRDA:231,32,1,0
BRDA:231,33,0,0
BRDA:231,33,1,0
BRDA:237,34,0,0
BRDA:237,34,1,0
BRDA:254,35,0,0
BRDA:254,35,1,5
BRDA:266,36,0,0
BRDA:266,36,1,5
BRDA:277,37,0,0
BRDA:277,37,1,0
BRDA:283,38,0,0
BRDA:283,38,1,0
BRDA:288,39,0,0
BRDA:288,39,1,0
BRDA:302,40,0,0
BRDA:302,40,1,2
BRDA:306,41,0,2
BRDA:306,41,1,0
BRDA:324,42,0,2
BRDA:324,42,1,3
BRDA:329,43,0,0
BRDA:329,43,1,0
BRDA:336,44,0,0
BRDA:336,44,1,3
BRDA:354,45,0,0
BRDA:354,45,1,0
BRDA:355,46,0,0
BRDA:355,46,1,0
BRDA:382,47,0,0
BRDA:382,47,1,0
BRDA:386,48,0,0
BRDA:386,48,1,0
BRDA:386,48,2,0
BRF:97
BRH:29
end_of_record
